"../../../Engine/Content/ArtTools/RenderToTexture/Enums/RenderToTexture_Enum.uasset" 0
"../../../Engine/Content/ArtTools/RenderToTexture/Enums/RenderToTexture_Flipbook_Enum.uasset" 1
"../../../Engine/Content/ArtTools/RenderToTexture/Enums/RenderToTexture_Imposter_Enum.uasset" 2
"../../../Engine/Content/ArtTools/RenderToTexture/Enums/EIntTypes.uasset" 3
"../../../Engine/Content/EditorBlueprintResources/StandardMacros.uasset" 4
"../../../Engine/Content/ArtTools/RenderToTexture/Macros/RenderToTextureFunctionLibrary.uasset" 5
"../../../Engine/Content/ArtTools/RenderToTexture/Enums/EFloatTypes.uasset" 6
"../../../Engine/Content/ArtTools/RenderToTexture/Macros/RenderToTextureMacros.uasset" 7
"../../../Engine/Content/EngineMaterials/T_Default_Material_Grid_N.uasset" 8
"../../../Engine/Content/EngineMaterials/T_Default_Material_Grid_M.uasset" 9
"../../../Engine/Content/Functions/Engine_MaterialFunctions01/Opacity/CameraDepthFade.uasset" 10
"../../../Engine/Content/EngineMaterials/WorldGridMaterial.uasset" 11
"../../../Engine/Content/ArtTools/RenderToTexture/Meshes/S_1_Unit_Plane.uasset" 12
"../../../Engine/Content/EngineMaterials/DefaultMaterial.uasset" 13
"../../../Engine/Content/BasicShapes/Cone.uasset" 14
"../../../Engine/Content/BasicShapes/Cube.uasset" 15
"../../../Engine/Content/EngineMaterials/DefaultPhysicalMaterial.uasset" 16
"../../../Engine/Content/BufferVisualization/AmbientOcclusion.uasset" 17
"../../../Engine/Content/Functions/Engine_MaterialFunctions02/Utility/AppendMany.uasset" 18
"../../../Engine/Content/BufferVisualization/Anisotropy.uasset" 19
"../../../Engine/Content/BufferVisualization/BaseColor.uasset" 20
"../../../Engine/Content/BufferVisualization/CustomDepth.uasset" 21
"../../../Engine/Content/Functions/Engine_MaterialFunctions02/Utility/VectorLength.uasset" 22
"../../../Engine/Content/BufferVisualization/CustomDepthWorldUnits.uasset" 23
"../../../Engine/Content/Functions/Engine_MaterialFunctions02/Utility/BreakOutFloat2Components.uasset" 24
"../../../Engine/Content/Functions/Engine_MaterialFunctions01/Texturing/ScaleUVsByCenter.uasset" 25
"../../../Engine/Content/EngineMaterials/MiniFont.uasset" 26
"../../../Engine/Content/Functions/Engine_MaterialFunctions02/Utility/MakeFloat3.uasset" 27
"../../../Engine/Content/Functions/Engine_MaterialFunctions02/Utility/MakeFloat2.uasset" 28
"../../../Engine/Content/Functions/Engine_MaterialFunctions02/ScreenResolution.uasset" 29
"../../../Engine/Content/Functions/Engine_MaterialFunctions02/Texturing/ScreenAlignedUVs.uasset" 30
"../../../Engine/Content/BufferVisualization/CustomStencil.uasset" 31
"../../../Engine/Content/BufferVisualization/FinalImage.uasset" 32
"../../../Engine/Content/BufferVisualization/LightingModel.uasset" 33
"../../../Engine/Content/BufferVisualization/MaterialAO.uasset" 34
"../../../Engine/Content/BufferVisualization/Metallic.uasset" 35
"../../../Engine/Content/BufferVisualization/Opacity.uasset" 36
"../../../Engine/Content/BufferVisualization/PostTonemapHDRColor.uasset" 37
"../../../Engine/Content/BufferVisualization/PreTonemapHDRColor.uasset" 38
"../../../Engine/Content/BufferVisualization/Roughness.uasset" 39
"../../../Engine/Content/BufferVisualization/SceneColor.uasset" 40
"../../../Engine/Content/BufferVisualization/SceneDepth.uasset" 41
"../../../Engine/Content/BufferVisualization/SceneDepthWorldUnits.uasset" 42
"../../../Engine/Content/BufferVisualization/SeparateTranslucencyA.uasset" 43
"../../../Engine/Content/BufferVisualization/SeparateTranslucencyRGB.uasset" 44
"../../../Engine/Content/BufferVisualization/Specular.uasset" 45
"../../../Engine/Content/BufferVisualization/SubsurfaceColor.uasset" 46
"../../../Engine/Content/BufferVisualization/Velocity.uasset" 47
"../../../Engine/Content/BufferVisualization/WorldNormal.uasset" 48
"../../../Engine/Content/BufferVisualization/WorldTangent.uasset" 49
"../../../Engine/Content/EditorBlueprintResources/ActorMacros.uasset" 50
"../../../Engine/Content/EditorLandscapeResources/DataLayer.uasset" 51
"../../../Engine/Content/EditorLandscapeResources/DefaultAlphaTexture.uasset" 52
"../../../Engine/Content/EditorLandscapeResources/LandscapeGizmoHeight_Mat.uasset" 53
"../../../Engine/Content/EditorLandscapeResources/LandscapeGizmo_Mat.uasset" 54
"../../../Engine/Content/EditorLandscapeResources/LandscapeGizmo_Mat_Copied.uasset" 55
"../../../Engine/Content/EditorLandscapeResources/SplineEditorMeshMat.uasset" 56
"../../../Engine/Content/EditorLandscapeResources/SplineEditorMesh.uasset" 57
"../../../Engine/Content/EditorMaterials/Cross.uasset" 58
"../../../Engine/Content/EditorMaterials/Cross_Mat.uasset" 59
"../../../Engine/Content/EditorResources/T_EditorHelp.uasset" 60
"../../../Engine/Content/Functions/Engine_MaterialFunctions02/Utility/Sign.uasset" 61
"../../../Engine/Content/Functions/Engine_MaterialFunctions02/Utility/Round.uasset" 62
"../../../Engine/Content/Functions/Engine_MaterialFunctions02/ExampleContent/Textures/DebugNumberPeriod.uasset" 63
"../../../Engine/Content/Functions/Engine_MaterialFunctions02/ExampleContent/DebugNumberStrip.uasset" 64
"../../../Engine/Content/EngineMaterials/DefaultDiffuse.uasset" 65
"../../../Engine/Content/Functions/Engine_MaterialFunctions01/Texturing/TextureCropping.uasset" 66
"../../../Engine/Content/Functions/Engine_MaterialFunctions01/Texturing/ComputeMipLevel.uasset" 67
"../../../Engine/Content/Functions/Engine_MaterialFunctions02/Utility/DebugScalarValues.uasset" 68
"../../../Engine/Content/Functions/Engine_MaterialFunctions02/Utility/DebugFloat2Values.uasset" 69
"../../../Engine/Content/Functions/Engine_MaterialFunctions02/ExampleContent/Textures/flipbook.uasset" 70
"../../../Engine/Content/Functions/Engine_MaterialFunctions02/Texturing/FlipBook.uasset" 71
"../../../Engine/Content/EditorMaterials/HelpActorMaterial.uasset" 72
"../../../Engine/Content/Functions/Engine_MaterialFunctions03/Procedurals/ComputeFilterWidth.uasset" 73
"../../../Engine/Content/EngineMaterials/BlendFunc_DefBlend.uasset" 74
"../../../Engine/Content/EngineMaterials/BlendFunc_DefBase.uasset" 75
"../../../Engine/Content/Functions/Engine_MaterialFunctions03/Blends/Blend_Screen.uasset" 76
"../../../Engine/Content/EditorMaterials/TilingAALineIntegral.uasset" 77
"../../../Engine/Content/EditorMaterials/TilingAALineBoxFiltered.uasset" 78
"../../../Engine/Content/EditorMaterials/TilingAAGrid.uasset" 79
"../../../Engine/Content/EditorMaterials/TilingAADots.uasset" 80
"../../../Engine/Content/EditorMaterials/CompositeARGBLayer.uasset" 81
"../../../Engine/Content/EditorMaterials/LevelGridMaterial.uasset" 82
"../../../Engine/Content/EditorResources/LevelGrid1DStripes.uasset" 83
"../../../Engine/Content/EditorMaterials/TextureGridCascaded1D.uasset" 84
"../../../Engine/Content/EditorMaterials/TextureGridCascaded2D.uasset" 85
"../../../Engine/Content/EditorMaterials/MakeCompositeARGBLayer.uasset" 86
"../../../Engine/Content/EditorMaterials/LevelGridMaterial2.uasset" 87
"../../../Engine/Content/EditorMaterials/MAT_Groups_Toggle.uasset" 88
"../../../Engine/Content/EditorMaterials/MAT_Groups_Visibility.uasset" 89
"../../../Engine/Content/EngineMaterials/Grid.uasset" 90
"../../../Engine/Content/EditorResources/TilePatine_N.uasset" 91
"../../../Engine/Content/EditorResources/TilePatine_D.uasset" 92
"../../../Engine/Content/EditorMaterials/AntialiasedGridFloor.uasset" 93
"../../../Engine/Content/EditorMaterials/PersonaFloorMat.uasset" 94
"../../../Engine/Content/EditorMaterials/PhAT_BoneSelectedMaterial.uasset" 95
"../../../Engine/Content/EditorMaterials/PhAT_ElemSelectedMaterial.uasset" 96
"../../../Engine/Content/EditorMaterials/PhAT_NoCollisionMaterial.uasset" 97
"../../../Engine/Content/EditorMaterials/PhAT_UnselectedMaterial.uasset" 98
"../../../Engine/Content/EditorMaterials/PreviewShadowIndicator.uasset" 99
"../../../Engine/Content/EditorMaterials/PreviewShadowIndicatorMaterial.uasset" 100
"../../../Engine/Content/EditorMaterials/TargetIcon.uasset" 101
"../../../Engine/Content/EditorMaterials/Tick.uasset" 102
"../../../Engine/Content/EditorMaterials/Tick_Mat.uasset" 103
"../../../Engine/Content/EditorMaterials/WidgetGridVertexColorMaterial.uasset" 104
"../../../Engine/Content/EditorMaterials/WidgetGridVertexColorMaterial_Ma.uasset" 105
"../../../Engine/Content/EditorMaterials/WidgetMaterial.uasset" 106
"../../../Engine/Content/EditorMaterials/WidgetMaterial_Current.uasset" 107
"../../../Engine/Content/EditorMaterials/WidgetMaterial_X.uasset" 108
"../../../Engine/Content/EditorMaterials/WidgetMaterial_Y.uasset" 109
"../../../Engine/Content/EditorMaterials/WidgetMaterial_Z.uasset" 110
"../../../Engine/Content/EditorMaterials/WidgetVertexColorMaterial.uasset" 111
"../../../Engine/Content/EditorMaterials/MatineeGroups/MAT_ColorTrack.uasset" 112
"../../../Engine/Content/EditorMaterials/MatineeGroups/MAT_Groups_Anim.uasset" 113
"../../../Engine/Content/EditorMaterials/MatineeGroups/MAT_Groups_AudioMaster.uasset" 114
"../../../Engine/Content/EditorMaterials/MatineeGroups/MAT_Groups_Director.uasset" 115
"../../../Engine/Content/EditorMaterials/MatineeGroups/MAT_Groups_Event.uasset" 116
"../../../Engine/Content/EditorMaterials/MatineeGroups/MAT_Groups_Fade.uasset" 117
"../../../Engine/Content/EditorMaterials/MatineeGroups/MAT_Groups_Float.uasset" 118
"../../../Engine/Content/EditorMaterials/MatineeGroups/MAT_Groups_Move.uasset" 119
"../../../Engine/Content/EditorMaterials/MatineeGroups/MAT_Groups_Slomo.uasset" 120
"../../../Engine/Content/EditorMaterials/MatineeGroups/MAT_Groups_Sound.uasset" 121
"../../../Engine/Content/EditorMaterials/MatineeGroups/MAT_Groups_Vector.uasset" 122
"../../../Engine/Content/EditorMaterials/ParticleSystems/PSysThumbnail_NoImage.uasset" 123
"../../../Engine/Content/EditorMaterials/ParticleSystems/PSysThumbnail_OOD.uasset" 124
"../../../Engine/Content/EditorMaterials/Thumbnails/FloorPlaneMaterial.uasset" 125
"../../../Engine/Content/EditorMeshes/EditorCube.uasset" 126
"../../../Engine/Content/EditorMeshes/EditorCylinder.uasset" 127
"../../../Engine/Content/EditorMeshes/EditorPlane.uasset" 128
"../../../Engine/Content/EditorMaterials/Thumbnails/SkySphereMaterial.uasset" 129
"../../../Engine/Content/EditorMeshes/EditorSkySphere.uasset" 130
"../../../Engine/Content/EditorMeshes/EditorSphere.uasset" 131
"../../../Engine/Content/EditorResources/MatineeCam_D.uasset" 132
"../../../Engine/Content/EditorMaterials/MatineeCam_mat.uasset" 133
"../../../Engine/Content/EditorMeshes/MatineeCam_SM.uasset" 134
"../../../Engine/Content/Functions/Engine_MaterialFunctions01/Shading/ConvertFromDiffSpec.uasset" 135
"../../../Engine/Content/EditorMaterials/GridMaterial.uasset" 136
"../../../Engine/Content/EditorMeshes/PhAT_FloorBox.uasset" 137
"../../../Engine/Content/EditorMeshes/PlanarReflectionPlane.uasset" 138
"../../../Engine/Content/EngineDebugMaterials/M_SimpleOpaque.uasset" 139
"../../../Engine/Content/EditorMaterials/Camera/MI_CineMat_CamViewFinder.uasset" 140
"../../../Engine/Content/EditorMaterials/Camera/CineMat.uasset" 141
"../../../Engine/Content/EditorMaterials/Camera/MI_CineMat_CameraBody.uasset" 142
"../../../Engine/Content/EditorMeshes/Camera/SM_CineCam.uasset" 143
"../../../Engine/Content/EditorMaterials/Camera/MI_CineMat_Rig.uasset" 144
"../../../Engine/Content/EditorMeshes/Camera/SM_CraneRig_Arm.uasset" 145
"../../../Engine/Content/EditorMeshes/Camera/SM_CraneRig_Base.uasset" 146
"../../../Engine/Content/EditorMeshes/Camera/SM_CraneRig_Body.uasset" 147
"../../../Engine/Content/EditorMeshes/Camera/SM_CraneRig_Mount.uasset" 148
"../../../Engine/Content/EditorMeshes/Camera/SM_RailRig_Mount.uasset" 149
"../../../Engine/Content/EditorMeshes/Camera/SM_RailRig_Track.uasset" 150
"../../../Engine/Content/EditorMeshes/ColorCalibrator/M_ChromeBall.uasset" 151
"../../../Engine/Content/EditorResources/Bad.uasset" 152
"../../../Engine/Content/EditorResources/BSPVertex.uasset" 153
"../../../Engine/Content/EditorResources/EmptyActor.uasset" 154
"../../../Engine/Content/EditorResources/MatInstActSprite.uasset" 155
"../../../Engine/Content/EditorResources/SceneManager.uasset" 156
"../../../Engine/Content/EditorResources/SmallFont.uasset" 157
"../../../Engine/Content/EditorResources/S_Actor.uasset" 158
"../../../Engine/Content/EditorResources/S_CameraShakeSource.uasset" 159
"../../../Engine/Content/EditorResources/S_DecalActorIcon.uasset" 160
"../../../Engine/Content/EditorResources/S_Emitter.uasset" 161
"../../../Engine/Content/EditorResources/S_ExpoHeightFog.uasset" 162
"../../../Engine/Content/EditorResources/S_FTest.uasset" 163
"../../../Engine/Content/EditorResources/S_KBSJoint.uasset" 164
"../../../Engine/Content/EditorResources/S_KHinge.uasset" 165
"../../../Engine/Content/EditorResources/S_KPrismatic.uasset" 166
"../../../Engine/Content/EditorResources/S_LevelSequence.uasset" 167
"../../../Engine/Content/EditorResources/S_NavP.uasset" 168
"../../../Engine/Content/EditorResources/S_Note.uasset" 169
"../../../Engine/Content/EditorResources/S_Player.uasset" 170
"../../../Engine/Content/EditorResources/S_PortalActorIcon2.uasset" 171
"../../../Engine/Content/EditorResources/S_RadForce.uasset" 172
"../../../Engine/Content/EditorResources/S_ReflActorIcon.uasset" 173
"../../../Engine/Content/EditorResources/S_SkyAtmosphere.uasset" 174
"../../../Engine/Content/EditorResources/S_Solver.uasset" 175
"../../../Engine/Content/EditorResources/S_Terrain.uasset" 176
"../../../Engine/Content/EditorResources/S_TextRenderActorIcon.uasset" 177
"../../../Engine/Content/EditorResources/S_Thruster.uasset" 178
"../../../Engine/Content/EditorResources/S_Trigger.uasset" 179
"../../../Engine/Content/EditorResources/S_VectorFieldVol.uasset" 180
"../../../Engine/Content/EditorResources/S_VolumetricCloud.uasset" 181
"../../../Engine/Content/EditorResources/S_WindDirectional.uasset" 182
"../../../Engine/Content/EditorResources/AI/S_NavLink.uasset" 183
"../../../Engine/Content/EditorResources/LightIcons/SkyLight.uasset" 184
"../../../Engine/Content/EditorResources/LightIcons/S_LightDirectional.uasset" 185
"../../../Engine/Content/EditorResources/LightIcons/S_LightDirectionalMove.uasset" 186
"../../../Engine/Content/EditorResources/LightIcons/S_LightError.uasset" 187
"../../../Engine/Content/EditorResources/LightIcons/S_LightPoint.uasset" 188
"../../../Engine/Content/EditorResources/LightIcons/S_LightPointMove.uasset" 189
"../../../Engine/Content/EditorResources/LightIcons/S_LightSpot.uasset" 190
"../../../Engine/Content/EditorResources/LightIcons/S_LightSpotMove.uasset" 191
"../../../Engine/Content/EditorResources/SequenceRecorder/Countdown.uasset" 192
"../../../Engine/Content/EditorResources/SequenceRecorder/RecordingIndicator.uasset" 193
"../../../Engine/Content/EditorResources/Spline/T_Loft_Spline.uasset" 194
"../../../Engine/Content/EditorSounds/Notifications/CompileFailed.uasset" 195
"../../../Engine/Content/EditorSounds/Notifications/CompileFailed_Cue.uasset" 196
"../../../Engine/Content/EditorSounds/Notifications/CompileSuccess.uasset" 197
"../../../Engine/Content/EditorSounds/Notifications/CompileStart_Cue.uasset" 198
"../../../Engine/Content/EditorSounds/Notifications/CompileSuccess_Cue.uasset" 199
"../../../Engine/Content/EngineDamageTypes/DmgTypeBP_Environmental.uasset" 200
"../../../Engine/Content/EngineDebugMaterials/HeatmapGradient.uasset" 201
"../../../Engine/Content/EngineDebugMaterials/BoneWeightMaterial.uasset" 202
"../../../Engine/Content/EngineDebugMaterials/ClothMaterial.uasset" 203
"../../../Engine/Content/EngineDebugMaterials/ClothMaterial_WF.uasset" 204
"../../../Engine/Content/EngineDebugMaterials/DebugEditorMaterial.uasset" 205
"../../../Engine/Content/EngineDebugMaterials/DebugMeshMaterial.uasset" 206
"../../../Engine/Content/EngineDebugMaterials/GeomMaterial.uasset" 207
"../../../Engine/Content/EngineDebugMaterials/LevelColorationLitMaterial.uasset" 208
"../../../Engine/Content/EngineDebugMaterials/LevelColorationUnlitMaterial.uasset" 209
"../../../Engine/Content/EngineMaterials/DefaultWhiteGrid.uasset" 210
"../../../Engine/Content/EngineDebugMaterials/MAT_LevelColorationLitLightmapUV.uasset" 211
"../../../Engine/Content/EngineDebugMaterials/M_SimpleUnlitTranslucent.uasset" 212
"../../../Engine/Content/EngineDebugMaterials/VolumeToRender.uasset" 213
"../../../Engine/Content/Functions/Engine_MaterialFunctions02/Utility/CameraDirectionVector.uasset" 214
"../../../Engine/Content/EngineDebugMaterials/M_VolumeRenderSphereTracePP.uasset" 215
"../../../Engine/Content/EngineMaterials/DefaultWhiteGrid_Low.uasset" 216
"../../../Engine/Content/EngineDebugMaterials/PhysicalMaterialMaskMaterial.uasset" 217
"../../../Engine/Content/EngineDebugMaterials/ShadedLevelColorationLitMaterial.uasset" 218
"../../../Engine/Content/EngineDebugMaterials/ShadedLevelColorationUnlitMateri.uasset" 219
"../../../Engine/Content/EngineDebugMaterials/VertexColorMaterial.uasset" 220
"../../../Engine/Content/EngineDebugMaterials/VertexColorViewMode_AlphaAsColor.uasset" 221
"../../../Engine/Content/EngineDebugMaterials/VertexColorViewMode_BlueOnly.uasset" 222
"../../../Engine/Content/EngineDebugMaterials/VertexColorViewMode_ColorOnly.uasset" 223
"../../../Engine/Content/EngineDebugMaterials/VertexColorViewMode_GreenOnly.uasset" 224
"../../../Engine/Content/EngineDebugMaterials/VertexColorViewMode_RedOnly.uasset" 225
"../../../Engine/Content/EngineDebugMaterials/WireframeMaterial.uasset" 226
"../../../Engine/Content/EngineFonts/Faces/RobotoRegular.uasset" 227
"../../../Engine/Content/EngineFonts/Faces/RobotoLight.uasset" 228
"../../../Engine/Content/EngineFonts/Faces/RobotoItalic.uasset" 229
"../../../Engine/Content/EngineFonts/Faces/RobotoBoldItalic.uasset" 230
"../../../Engine/Content/EngineFonts/Faces/RobotoBold.uasset" 231
"../../../Engine/Content/EngineFonts/Faces/DroidSansFallback.uasset" 232
"../../../Engine/Content/EngineFonts/Roboto.uasset" 233
"../../../Engine/Content/EngineFonts/Faces/RobotoTiny.uasset" 234
"../../../Engine/Content/EngineFonts/RobotoTiny.uasset" 235
"../../../Engine/Content/EngineFonts/SmallFont.uasset" 236
"../../../Engine/Content/EngineFonts/TinyFont.uasset" 237
"../../../Engine/Content/EngineMaterials/BaseFlattenNormalMap.uasset" 238
"../../../Engine/Content/EngineMaterials/BaseFlattenGrayscaleMap.uasset" 239
"../../../Engine/Content/EngineMaterials/BaseFlattenEmissiveMap.uasset" 240
"../../../Engine/Content/EngineMaterials/BaseFlattenDiffuseMap.uasset" 241
"../../../Engine/Content/EngineMaterials/BaseFlattenMaterial.uasset" 242
"../../../Engine/Content/EngineResources/WhiteSquareTexture.uasset" 243
"../../../Engine/Content/EngineMaterials/BlinkingCaret.uasset" 244
"../../../Engine/Content/EngineMaterials/BlueNoise.uasset" 245
"../../../Engine/Content/EngineMaterials/DefaultBloomKernel.uasset" 246
"../../../Engine/Content/EngineMaterials/DefaultBokeh.uasset" 247
"../../../Engine/Content/EngineMaterials/DefaultDeferredDecalMaterial.uasset" 248
"../../../Engine/Content/EngineMaterials/DefaultLightFunctionMaterial.uasset" 249
"../../../Engine/Content/EngineMaterials/DefaultNormal.uasset" 250
"../../../Engine/Content/EngineMaterials/DefaultPostProcessMaterial.uasset" 251
"../../../Engine/Content/EngineFonts/RobotoDistanceField.uasset" 252
"../../../Engine/Content/EngineMaterials/DefaultTextMaterialOpaque.uasset" 253
"../../../Engine/Content/EngineMaterials/EditorBrushMaterial.uasset" 254
"../../../Engine/Content/EngineMaterials/EmissiveMeshMaterial.uasset" 255
"../../../Engine/Content/EngineMaterials/GizmoMaterial.uasset" 256
"../../../Engine/Content/EngineMaterials/Grid_N.uasset" 257
"../../../Engine/Content/EngineMaterials/HighResolutionScreenshotMaskFunction.uasset" 258
"../../../Engine/Content/EngineMaterials/HighResScreenshot.uasset" 259
"../../../Engine/Content/EngineMaterials/HighResScreenshotCaptureRegion.uasset" 260
"../../../Engine/Content/EngineMaterials/HighResScreenshotMask.uasset" 261
"../../../Engine/Content/EngineMaterials/LandscapeHolePhysicalMaterial.uasset" 262
"../../../Engine/Content/EngineMaterials/InvalidLightmapSettings.uasset" 263
"../../../Engine/Content/EngineMaterials/M_InvalidLightmapSettings.uasset" 264
"../../../Engine/Content/EngineMaterials/PaperDiffuse.uasset" 265
"../../../Engine/Content/EngineMaterials/PaperNormal.uasset" 266
"../../../Engine/Content/Functions/Engine_MaterialFunctions02/WorldPositionOffset/CameraOffset.uasset" 267
"../../../Engine/Content/EngineMaterials/PhAT_JointLimitMaterial.uasset" 268
"../../../Engine/Content/EngineMaterials/PhysMat_Rubber.uasset" 269
"../../../Engine/Content/EngineMaterials/PreintegratedSkinBRDF.uasset" 270
"../../../Engine/Content/EngineMaterials/RemoveSurfaceMaterial.uasset" 271
"../../../Engine/Content/EngineMaterials/WeightMapPlaceholderTexture.uasset" 272
"../../../Engine/Content/Functions/Engine_MaterialFunctions01/ImageAdjustment/sRGBToLinear.uasset" 273
"../../../Engine/Content/Functions/Engine_MaterialFunctions02/Utility/BreakOutFloat3Components.uasset" 274
"../../../Engine/Content/EngineMaterials/Widget3DCameraPassThrough_Opaque_OneSided.uasset" 275
"../../../Engine/Content/EngineMaterials/Widget3DPassThrough.uasset" 276
"../../../Engine/Content/EngineMaterials/Widget3DPassThrough_Masked.uasset" 277
"../../../Engine/Content/EngineMaterials/Widget3DPassThrough_Opaque.uasset" 278
"../../../Engine/Content/EngineMaterials/Widget3DPassThrough_Masked_OneSided.uasset" 279
"../../../Engine/Content/EngineMaterials/Widget3DPassThrough_Opaque_OneSided.uasset" 280
"../../../Engine/Content/EngineMaterials/Widget3DPassThrough_Translucent.uasset" 281
"../../../Engine/Content/EngineMaterials/Widget3DPassThrough_Translucent_OneSided.uasset" 282
"../../../Engine/Content/EngineMeshes/Cylinder.uasset" 283
"../../../Engine/Content/EngineMeshes/Sphere.uasset" 284
"../../../Engine/Content/EngineResources/Black.uasset" 285
"../../../Engine/Content/EngineResources/DefaultTextureCube.uasset" 286
"../../../Engine/Content/EngineResources/DefaultVolumeTexture2D.uasset" 287
"../../../Engine/Content/EngineResources/DefaultVolumeTexture.uasset" 288
"../../../Engine/Content/EngineResources/GradientTexture0.uasset" 289
"../../../Engine/Content/EngineResources/StreamingPauseIcon.uasset" 290
"../../../Engine/Content/EngineResources/M_StreamingPause.uasset" 291
"../../../Engine/Content/EngineSky/VolumetricClouds/T_NoiseShape64.uasset" 292
"../../../Engine/Content/EngineSky/VolumetricClouds/T_VolumeNoiseShape64.uasset" 293
"../../../Engine/Content/EngineSky/VolumetricClouds/T_NoiseErosion.uasset" 294
"../../../Engine/Content/EngineSky/VolumetricClouds/T_VolumeNoiseErosion32.uasset" 295
"../../../Engine/Content/EngineSky/VolumetricClouds/CloudWeatherTexture.uasset" 296
"../../../Engine/Content/EngineSky/VolumetricClouds/CloudGradientTexture.uasset" 297
"../../../Engine/Content/EngineSky/VolumetricClouds/m_SimpleVolumetricCloud.uasset" 298
"../../../Engine/Content/EngineSky/VolumetricClouds/m_SimpleVolumetricCloud_Inst.uasset" 299
"../../../Engine/Content/EngineSounds/Master.uasset" 300
"../../../Engine/Content/Functions/Engine_MaterialFunctions01/Shading/PowerToRoughness.uasset" 301
"../../../Engine/Content/Maps/Templates/Thumbnails/Default.uasset" 302
"../../../Engine/Content/Maps/Templates/Thumbnails/TimeOfDay.uasset" 303
"../../../Engine/Content/Maps/Templates/Thumbnails/VR-Basic.uasset" 304
"../../../Engine/Content/MapTemplates/Sky/DaylightAmbientCubemap.uasset" 305
"../../../Engine/Content/MobileResources/T_MobileControls_texture.uasset" 306
"../../../Engine/Content/MobileResources/T_MobileMenu2.uasset" 307
"../../../Engine/Content/MobileResources/HUD/AnalogHat.uasset" 308
"../../../Engine/Content/MobileResources/HUD/VirtualJoystick_Thumb.uasset" 309
"../../../Engine/Content/MobileResources/HUD/VirtualJoystick_Background.uasset" 310
"../../../Engine/Content/MobileResources/HUD/DefaultVirtualJoysticks.uasset" 311
"../../../Engine/Content/MobileResources/HUD/LeftVirtualJoystickOnly.uasset" 312
"../../../Engine/Content/MobileResources/HUD/MobileHUDButton1_off.uasset" 313
"../../../Engine/Content/MobileResources/HUD/MobileHUDButton1_on.uasset" 314
"../../../Engine/Content/MobileResources/HUD/MobileHUDButton2_off.uasset" 315
"../../../Engine/Content/MobileResources/HUD/MobileHUDButton2_on.uasset" 316
"../../../Engine/Content/MobileResources/HUD/MobileHUDButton3.uasset" 317
"../../../Engine/Content/MobileResources/HUD/MobileHUDButtonFire.uasset" 318
"../../../Engine/Content/MobileResources/HUD/MobileHUDDirectionPad.uasset" 319
"../../../Engine/Content/MobileResources/HUD/MobileHUDDirectionPad2.uasset" 320
"../../../Engine/Content/MobileResources/HUD/MobileHUDDirectionPad3.uasset" 321
"../../../Engine/Content/MobileResources/HUD/MobileHUDDirectionStick.uasset" 322
"../../../Engine/Content/MobileResources/HUD/T_Castle_ThumbstickInner.uasset" 323
"../../../Engine/Content/MobileResources/HUD/T_Castle_ThumbstickOutter.uasset" 324
"../../../Engine/Content/Tutorial/ContentIntroCurve.uasset" 325
"../../../Engine/Content/Tutorial/Basics/LevelEditorAttract.uasset" 326
"../../../Engine/Content/Tutorial/Basics/TutorialAssets/icon_tab_Levels_40x.uasset" 327
"../../../Engine/Content/Tutorial/Basics/LevelEditorOverview.uasset" 328
"../../../Engine/Content/Tutorial/BlueprintTutorials/TutorialAssets/Blueprint_64x.uasset" 329
"../../../Engine/Content/Tutorial/BlueprintTutorials/BlueprintEditorTutorial.uasset" 330
"../../../Engine/Content/Tutorial/BlueprintTutorials/TutorialAssets/Tutorial_BP_MacroLib.uasset" 331
"../../../Engine/Content/VREditor/TransformGizmo/TranslucentTransformGizmoMaterial.uasset" 332
"../../../Engine/Content/VREditor/LaserPointer/VR_LaserPower_01.uasset" 333
"../../../Engine/Content/VREditor/TransformGizmo/TransformGizmoMaterial.uasset" 334
"../../../Engine/Content/VREditor/TransformGizmo/BoundingBoxCorner.uasset" 335
"../../../Engine/Content/VREditor/TransformGizmo/BoundingBoxEdge.uasset" 336
"../../../Engine/Content/VREditor/TransformGizmo/PlaneTranslationHandle.uasset" 337
"../../../Engine/Content/VREditor/TransformGizmo/Xray.uasset" 338
"../../../Engine/Content/VREditor/TransformGizmo/Main.uasset" 339
"../../../Engine/Content/VREditor/TransformGizmo/SM_Sequencer_Key.uasset" 340
"../../../Engine/Content/VREditor/TransformGizmo/SM_Sequencer_Node.uasset" 341
"../../../../../../ThesisUnrealProject/Content/BP_MazeCell2.uasset" 342
"../../../../../../ThesisUnrealProject/Content/Blueprints/BP_Tutorial/SM/Hat/uploads_files_2304248_zTextures/Tex_Metal_Rough/hat_Mat_baseColor.uasset" 343
"../../../../../../ThesisUnrealProject/Content/Blueprints/BP_Tutorial/SM/Hat/hat_Mat.uasset" 344
"../../../Engine/Content/Functions/Engine_MaterialFunctions02/Math/MultiplyAdd.uasset" 345
"../../../Engine/Content/Functions/Engine_MaterialFunctions01/Gradient/LinearGradient.uasset" 346
"../../../Engine/Content/Functions/Engine_MaterialFunctions01/ImageAdjustment/CheapContrast.uasset" 347
"../../../Engine/Content/Functions/Engine_MaterialFunctions02/Texturing/ScreenAlignedPixelToPixelUVs.uasset" 348
"../../../Engine/Content/EngineMaterials/Good64x64TilingNoiseHighFreq.uasset" 349
"../../../Engine/Content/Functions/Engine_MaterialFunctions02/Utility/DitherTemporalAA.uasset" 350
"../../../../../../ThesisUnrealProject/Content/MedievalDungeon/Textures/T_Blank_N.uasset" 351
"../../../../../../ThesisUnrealProject/Content/MedievalDungeon/Textures/T_Blank_C.uasset" 352
"../../../../../../ThesisUnrealProject/Content/MedievalDungeon/Textures/T_Blank_A.uasset" 353
"../../../../../../ThesisUnrealProject/Content/MedievalDungeon/Materials/M_Master.uasset" 354
"../../../../../../ThesisUnrealProject/Content/MedievalDungeon/Textures/T_Chandelier_N.uasset" 355
"../../../../../../ThesisUnrealProject/Content/MedievalDungeon/Textures/T_Chandelier_C.uasset" 356
"../../../../../../ThesisUnrealProject/Content/MedievalDungeon/Textures/T_Chandelier_A.uasset" 357
"../../../../../../ThesisUnrealProject/Content/MedievalDungeon/Materials/M_Chandlier_Inst.uasset" 358
"../../../../../../ThesisUnrealProject/Content/MedievalDungeon/Meshes/Props/SM_Chandelier.uasset" 359
"../../../../../../ThesisUnrealProject/Content/MedievalDungeon/Blueprints/BP_Light.uasset" 360
"../../../../../../ThesisUnrealProject/Content/Material/Cube/Mat_Grey.uasset" 361
"../../../../../../ThesisUnrealProject/Content/Blueprints/BP_Tutorial/AllyAI/BB_FreindAlly.uasset" 362
"../../../../../../ThesisUnrealProject/Content/Blueprints/BP_Tutorial/AllyAI/BT_FriendAlly.uasset" 363
"../../../../../../ThesisUnrealProject/Content/Blueprints/BP_Tutorial/AllyAI/BP_FriendAllyController.uasset" 364
"../../../../../../ThesisUnrealProject/Content/Material/Cube/MAt_White.uasset" 365
"../../../../../../ThesisUnrealProject/Content/Meshes/MeshTutorial/SM_Cube.uasset" 366
"../../../../../../ThesisUnrealProject/Content/Material/Cube/Mat_Orange.uasset" 367
"../../../../../../ThesisUnrealProject/Content/Blueprints/BP_Tutorial/Enemy/BP_SquaredProjectile.uasset" 368
"../../../../../../ThesisUnrealProject/Content/Blueprints/BP_Tutorial/AllyAI/BP_AICharacterPawnQuad.uasset" 369
"../../../../../../ThesisUnrealProject/Content/Blueprints/BP_Tutorial/Trigger/BP_TriggerSpawnAlly.uasset" 370
"../../../../../../ThesisUnrealProject/Content/Blueprints/BP_Tutorial/Trigger/BP_Trigger.uasset" 371
"../../../../../../ThesisUnrealProject/Content/Material/Cube/Mat_Green.uasset" 372
"../../../../../../ThesisUnrealProject/Content/FXVarietyPack/Meshes/SM_ky_cylinder_superLow.uasset" 373
"../../../../../../ThesisUnrealProject/Content/FXVarietyPack/Meshes/SM_ky_cylinder_lowPoly_dist.uasset" 374
"../../../../../../ThesisUnrealProject/Content/FXVarietyPack/Meshes/SM_ky_auraWall_distB_kai.uasset" 375
"../../../../../../ThesisUnrealProject/Content/FXVarietyPack/Materials/M_ky_empty.uasset" 376
"../../../../../../ThesisUnrealProject/Content/FXVarietyPack/Textures/T_ky_dust01_4x4.uasset" 377
"../../../Engine/Content/EngineResources/DefaultTexture.uasset" 378
"../../../../../../ThesisUnrealProject/Content/FXVarietyPack/Materials/Mfunction/MF_ky_UVcontrol_4x4.uasset" 379
"../../../../../../ThesisUnrealProject/Content/FXVarietyPack/Textures/T_ky_maskRGB3.uasset" 380
"../../../../../../ThesisUnrealProject/Content/FXVarietyPack/Materials/M_ky_dust01_4x4.uasset" 381
"../../../Engine/Content/Functions/Engine_MaterialFunctions01/Density/ExponentialDensity.uasset" 382
"../../../Engine/Content/Functions/Engine_MaterialFunctions01/Gradient/RadialGradientExponential.uasset" 383
"../../../Engine/Content/Functions/Engine_MaterialFunctions01/Gradient/DiamondGradient.uasset" 384
"../../../../../../ThesisUnrealProject/Content/FXVarietyPack/Textures/T_ky_dust_longStar.uasset" 385
"../../../../../../ThesisUnrealProject/Content/FXVarietyPack/Materials/M_ky_starDust.uasset" 386
"../../../../../../ThesisUnrealProject/Content/FXVarietyPack/Materials/MI_ky_starDust_dis.uasset" 387
"../../../../../../ThesisUnrealProject/Content/FXVarietyPack/Materials/M_ky_primitive_dyn2.uasset" 388
"../../../../../../ThesisUnrealProject/Content/FXVarietyPack/Materials/MI_ky_primitive_dynB_nonD.uasset" 389
"../../../../../../ThesisUnrealProject/Content/FXVarietyPack/Textures/T_ky_circle9_4x4.uasset" 390
"../../../../../../ThesisUnrealProject/Content/FXVarietyPack/Textures/T_ky_maskCircle.uasset" 391
"../../../../../../ThesisUnrealProject/Content/FXVarietyPack/Textures/T_ky_auraWallWhite_4x4.uasset" 392
"../../../../../../ThesisUnrealProject/Content/FXVarietyPack/Materials/M_ky_base_anime.uasset" 393
"../../../../../../ThesisUnrealProject/Content/FXVarietyPack/Materials/MI_ky_circle9_4x4c2.uasset" 394
"../../../../../../ThesisUnrealProject/Content/FXVarietyPack/Textures/T_ky_smoke03.uasset" 395
"../../../../../../ThesisUnrealProject/Content/FXVarietyPack/Textures/T_ky_noise13_sml_nor.uasset" 396
"../../../../../../ThesisUnrealProject/Content/FXVarietyPack/Materials/M_ky_auraWall02.uasset" 397
"../../../../../../ThesisUnrealProject/Content/FXVarietyPack/Materials/MI_ky_auraWall02_two.uasset" 398
"../../../../../../ThesisUnrealProject/Content/FXVarietyPack/Textures/T_ky_aura011_4x4.uasset" 399
"../../../../../../ThesisUnrealProject/Content/FXVarietyPack/Textures/T_ky_bg.uasset" 400
"../../../../../../ThesisUnrealProject/Content/FXVarietyPack/Materials/M_ky_subUV01.uasset" 401
"../../../../../../ThesisUnrealProject/Content/FXVarietyPack/Materials/MI_ky_aura011_4x4_nonD.uasset" 402
"../../../../../../ThesisUnrealProject/Content/FXVarietyPack/Materials/MI_ky_aura011_4x4.uasset" 403
"../../../../../../ThesisUnrealProject/Content/FXVarietyPack/Particles/P_ky_healAura.uasset" 404
"../../../../../../ThesisUnrealProject/Content/Blueprints/BP_Dungeon/Elements/BP_Portal.uasset" 405
"../../../../../../ThesisUnrealProject/Content/Blueprints/BP_Tutorial/GeneralElements/BP_PuzzleButtonPortal.uasset" 406
"../../../../../../ThesisUnrealProject/Content/Blueprints/BP_Tutorial/SM/Hat/SM_Hat.uasset" 407
"../../../../../../ThesisUnrealProject/Content/Material/Physicsmaterial/Player.uasset" 408
"../../../../../../ThesisUnrealProject/Content/Blueprints/BP_Dungeon/Ally/MovebleAI/BB_PawnAIMove.uasset" 409
"../../../../../../ThesisUnrealProject/Content/Blueprints/BP_Dungeon/Ally/MovebleAI/BT_PawnAIMove.uasset" 410
"../../../../../../ThesisUnrealProject/Content/Blueprints/BP_Dungeon/Ally/MovebleAI/BP_PawnAIMoveController.uasset" 411
"../../../../../../ThesisUnrealProject/Content/Blueprints/BP_Dungeon/Ally/MovebleAI/BP_PawnAIMove.uasset" 412
"../../../../../../ThesisUnrealProject/Content/Meshes/WoodenCrate/Wooden_Crate_Crate_Roughness.uasset" 413
"../../../../../../ThesisUnrealProject/Content/Meshes/WoodenCrate/Wooden_Crate_Crate_Normal.uasset" 414
"../../../../../../ThesisUnrealProject/Content/Meshes/WoodenCrate/Wooden_Crate_Crate_BaseColor.uasset" 415
"../../../../../../ThesisUnrealProject/Content/Meshes/WoodenCrate/Material_001.uasset" 416
"../../../../../../ThesisUnrealProject/Content/Meshes/WoodenCrate/Wooden_Crate.uasset" 417
"../../../../../../ThesisUnrealProject/Content/Meshes/WoodenCrate/Wooden_Crate_DM.uasset" 418
"../../../../../../ThesisUnrealProject/Content/Meshes/Coin/coin_1/Material__2.uasset" 419
"../../../../../../ThesisUnrealProject/Content/Meshes/Coin/coin_1/Coin_1_FBX.uasset" 420
"../../../../../../ThesisUnrealProject/Content/Meshes/Coin/coin_1/texture/coin_1_Roughness.uasset" 421
"../../../../../../ThesisUnrealProject/Content/Meshes/Coin/coin_1/texture/coin_1_Normal_OpenGL.uasset" 422
"../../../../../../ThesisUnrealProject/Content/Meshes/Coin/coin_1/texture/coin_1_Mixed_AO.uasset" 423
"../../../../../../ThesisUnrealProject/Content/Meshes/Coin/coin_1/texture/coin_1_Metallic.uasset" 424
"../../../../../../ThesisUnrealProject/Content/Meshes/Coin/coin_1/texture/coin_1_Height.uasset" 425
"../../../../../../ThesisUnrealProject/Content/Meshes/Coin/coin_1/texture/Coin_1_Base_Color.uasset" 426
"../../../../../../ThesisUnrealProject/Content/Material/Mat_Coin.uasset" 427
"../../../../../../ThesisUnrealProject/Content/Blueprints/BP_Dungeon/BP_Coin_NoMovement.uasset" 428
"../../../../../../ThesisUnrealProject/Content/Blueprints/BP_Dungeon/BP_WoodenCrate.uasset" 429
"../../../../../../ThesisUnrealProject/Content/Meshes/MetalCrate/uploads_files_770164_Sci-Fi+Crate_Textures/UE4/Crate_simple_Crate_Base_OcclusionRoughnessMetallic.uasset" 430
"../../../../../../ThesisUnrealProject/Content/Meshes/MetalCrate/uploads_files_770164_Sci-Fi+Crate_Textures/UE4/Crate_simple_Crate_Base_Normal.uasset" 431
"../../../../../../ThesisUnrealProject/Content/Meshes/MetalCrate/uploads_files_770164_Sci-Fi+Crate_Textures/UE4/Crate_simple_Crate_Base_BaseColor.uasset" 432
"../../../../../../ThesisUnrealProject/Content/Material/Mat_MetalCrate.uasset" 433
"../../../../../../ThesisUnrealProject/Content/Meshes/MetalCrate/SM_MetalCrate.uasset" 434
"../../../../../../ThesisUnrealProject/Content/Blueprints/BP_Dungeon/BP_MetalCrate.uasset" 435
"../../../../../../ThesisUnrealProject/Content/MedievalDungeon/Meshes/Props/Pot/amphora_rgh.uasset" 436
"../../../../../../ThesisUnrealProject/Content/MedievalDungeon/Meshes/Props/Pot/amphora_org_alb.uasset" 437
"../../../../../../ThesisUnrealProject/Content/MedievalDungeon/Meshes/Props/Pot/amphora_nrm.uasset" 438
"../../../../../../ThesisUnrealProject/Content/MedievalDungeon/Meshes/Props/Pot/amphora_met.uasset" 439
"../../../../../../ThesisUnrealProject/Content/MedievalDungeon/Meshes/Props/Pot/amphora_ao.uasset" 440
"../../../../../../ThesisUnrealProject/Content/MedievalDungeon/Meshes/Props/Pot/Amphora_UV.uasset" 441
"../../../../../../ThesisUnrealProject/Content/MedievalDungeon/Meshes/Props/Pot/DR20_Sealed.uasset" 442
"../../../../../../ThesisUnrealProject/Content/MedievalDungeon/Meshes/Props/Pot/DR20_Sealed_DM.uasset" 443
"../../../../../../ThesisUnrealProject/Content/Blueprints/BP_Dungeon/BP_Coin.uasset" 444
"../../../../../../ThesisUnrealProject/Content/Blueprints/BP_Dungeon/BP_BarrelDestructible.uasset" 445
"../../../../../../ThesisUnrealProject/Content/Blueprints/BP_Tutorial/GeneralElements/BP_PuzzleButton_Green.uasset" 446
"../../../../../../ThesisUnrealProject/Content/MedievalDungeon/Textures/T_DoorHardware_N.uasset" 447
"../../../../../../ThesisUnrealProject/Content/MedievalDungeon/Textures/T_DoorHardware_C.uasset" 448
"../../../../../../ThesisUnrealProject/Content/MedievalDungeon/Textures/T_DoorHardware_Albedo.uasset" 449
"../../../../../../ThesisUnrealProject/Content/MedievalDungeon/Materials/M_Door_Hardware_Inst.uasset" 450
"../../../../../../ThesisUnrealProject/Content/MedievalDungeon/Textures/T_DoorWay_Large_DoorRight_Compact.uasset" 451
"../../../../../../ThesisUnrealProject/Content/MedievalDungeon/Textures/T_DoorWay_Large_Door_Right_Normal.uasset" 452
"../../../../../../ThesisUnrealProject/Content/MedievalDungeon/Textures/T_DoorWay_Large_Door_Right_Albedo.uasset" 453
"../../../../../../ThesisUnrealProject/Content/MedievalDungeon/Materials/M_Doorway_Large_Right_Door_Inst.uasset" 454
"../../../../../../ThesisUnrealProject/Content/MedievalDungeon/Textures/T_Metal_N.uasset" 455
"../../../../../../ThesisUnrealProject/Content/MedievalDungeon/Textures/T_Metal_C.uasset" 456
"../../../../../../ThesisUnrealProject/Content/MedievalDungeon/Textures/T_Metal_A.uasset" 457
"../../../../../../ThesisUnrealProject/Content/MedievalDungeon/Materials/M_Metal_Decor_Inst.uasset" 458
"../../../../../../ThesisUnrealProject/Content/MedievalDungeon/Meshes/Architecture/Dungeon/SM_DoorWay_Large_Door_Right.uasset" 459
"../../../../../../ThesisUnrealProject/Content/MedievalDungeon/Textures/T_DoorWay_Large_Door_Left_Normal.uasset" 460
"../../../../../../ThesisUnrealProject/Content/MedievalDungeon/Textures/T_DoorWay_Large_Door_Left_Compact.uasset" 461
"../../../../../../ThesisUnrealProject/Content/MedievalDungeon/Textures/T_DoorWay_Large_Door_Left_Albedo.uasset" 462
"../../../../../../ThesisUnrealProject/Content/MedievalDungeon/Materials/M_Doorway_Large_Left_Door_Inst.uasset" 463
"../../../../../../ThesisUnrealProject/Content/MedievalDungeon/Meshes/Architecture/Dungeon/SM_DoorWay_Large_Door_Left.uasset" 464
"../../../Engine/Content/EngineVolumetrics/Fogsheet/Materials/T_EV_BlankWhite_01.uasset" 465
"../../../Engine/Content/Functions/Engine_MaterialFunctions02/Math/InverseTransformMatrix.uasset" 466
"../../../Engine/Content/Functions/Engine_MaterialFunctions02/SafeNormalize.uasset" 467
"../../../Engine/Content/Functions/Engine_MaterialFunctions02/Math/CreateThirdOrthogonalVector.uasset" 468
"../../../Engine/Content/Functions/Engine_MaterialFunctions02/Math/TransformToZVector.uasset" 469
"../../../Engine/Content/Functions/Engine_MaterialFunctions01/Texturing/ParallaxOcclusionMapping.uasset" 470
"../../../../../../ThesisUnrealProject/Content/MedievalDungeon/Materials/M_Tiling_Master.uasset" 471
"../../../../../../ThesisUnrealProject/Content/MedievalDungeon/Textures/T_StoneWall_N.uasset" 472
"../../../../../../ThesisUnrealProject/Content/MedievalDungeon/Textures/T_StoneWall_H.uasset" 473
"../../../../../../ThesisUnrealProject/Content/MedievalDungeon/Textures/T_StoneWall_C.uasset" 474
"../../../../../../ThesisUnrealProject/Content/MedievalDungeon/Textures/T_StoneWall_A.uasset" 475
"../../../../../../ThesisUnrealProject/Content/MedievalDungeon/Materials/M_StoneWall_Inst.uasset" 476
"../../../../../../ThesisUnrealProject/Content/MedievalDungeon/Textures/T_Large_Window_Half_N.uasset" 477
"../../../../../../ThesisUnrealProject/Content/MedievalDungeon/Textures/T_Large_Window_Half_C.uasset" 478
"../../../../../../ThesisUnrealProject/Content/MedievalDungeon/Textures/T_Large_Window_Half_A.uasset" 479
"../../../../../../ThesisUnrealProject/Content/MedievalDungeon/Materials/M_Large_Window_Half_Inst.uasset" 480
"../../../../../../ThesisUnrealProject/Content/MedievalDungeon/Meshes/Architecture/Dungeon/SM_DoorWay.uasset" 481
"../../../../../../ThesisUnrealProject/Content/Blueprints/BP_Tutorial/GeneralElements/BP_Door2.uasset" 482
"../../../../../../ThesisUnrealProject/Content/Blueprints/BP_Tutorial/AI/BB_EnemyAI.uasset" 483
"../../../../../../ThesisUnrealProject/Content/Blueprints/BP_Tutorial/AI/BT_EnemyAI.uasset" 484
"../../../../../../ThesisUnrealProject/Content/Blueprints/BP_Tutorial/AI/BP_QuadAIController.uasset" 485
"../../../../../../ThesisUnrealProject/Content/Blueprints/BP_Tutorial/UI/BP_HealthBar.uasset" 486
"../../../../../../ThesisUnrealProject/Content/Material/Cube/Mat_Red.uasset" 487
"../../../../../../ThesisUnrealProject/Content/Blueprints/BP_Tutorial/Enemy/BP_AIShooterPawn.uasset" 488
"../../../../../../ThesisUnrealProject/Content/Blueprints/BP_Tutorial/AI/BB_EnemyBull.uasset" 489
"../../../../../../ThesisUnrealProject/Content/Blueprints/BP_Tutorial/AI/BT_EnemyBull.uasset" 490
"../../../../../../ThesisUnrealProject/Content/Blueprints/BP_Tutorial/AI/BP_QuadAIBull.uasset" 491
"../../../../../../ThesisUnrealProject/Content/Blueprints/BP_Tutorial/SM/Horns_Max_2014/uploads_files_3039499_BakedTextures/Roughness.uasset" 492
"../../../../../../ThesisUnrealProject/Content/Blueprints/BP_Tutorial/SM/Horns_Max_2014/uploads_files_3039499_BakedTextures/Normal.uasset" 493
"../../../../../../ThesisUnrealProject/Content/Blueprints/BP_Tutorial/SM/Horns_Max_2014/uploads_files_3039499_BakedTextures/Color.uasset" 494
"../../../../../../ThesisUnrealProject/Content/Blueprints/BP_Tutorial/SM/Horns_Max_2014/Mat_Antler.uasset" 495
"../../../../../../ThesisUnrealProject/Content/Material/Cube/Mat_Black.uasset" 496
"../../../../../../ThesisUnrealProject/Content/Blueprints/BP_Tutorial/SM/Horns_Max_2014/SM_Horn.uasset" 497
"../../../../../../ThesisUnrealProject/Content/Blueprints/BP_Tutorial/Enemy/BP_AIBull.uasset" 498
"../../../Engine/Content/BasicShapes/BasicShapeMaterial.uasset" 499
"../../../../../../ThesisUnrealProject/Content/Meshes/MeshTutorial/SM_DestrWall.uasset" 500
"../../../../../../ThesisUnrealProject/Content/Meshes/MeshTutorial/DestructibleComponents/Wall_DM.uasset" 501
"../../../../../../ThesisUnrealProject/Content/Blueprints/BP_Tutorial/Destructible/BP_DestructibleWall_2.uasset" 502
"../../../../../../ThesisUnrealProject/Content/Material/Cube/Mat_Yellow.uasset" 503
"../../../../../../ThesisUnrealProject/Content/Blueprints/BP_Tutorial/AllyAI/BP_PawnInteractiveStatic.uasset" 504
"../../../../../../ThesisUnrealProject/Content/Blueprints/BP_Dungeon/RoomsBlueprint/SM_FloorRoom.uasset" 505
"../../../../../../ThesisUnrealProject/Content/Blueprints/BP_Dungeon/RoomsBlueprint/RumbleArena/BehaviourTree/BT_EnemyAIArena.uasset" 506
"../../../../../../ThesisUnrealProject/Content/Blueprints/BP_Dungeon/RoomsBlueprint/RumbleArena/Controller/BP_QuadAIArena.uasset" 507
"../../../../../../ThesisUnrealProject/Content/Blueprints/BP_Dungeon/RoomsBlueprint/RumbleArena/Enemy/BP_AIShooterPawnArena.uasset" 508
"../../../../../../ThesisUnrealProject/Content/Blueprints/BP_Tutorial/Enemy/BP_ActorSpawnerNoDestruction.uasset" 509
"../../../../../../ThesisUnrealProject/Content/MedievalDungeon/Textures/T_BrickFloor_Clean_N.uasset" 510
"../../../../../../ThesisUnrealProject/Content/MedievalDungeon/Textures/T_BrickFloor_Clean_H.uasset" 511
"../../../../../../ThesisUnrealProject/Content/MedievalDungeon/Textures/T_BrickFloor_Clean_C.uasset" 512
"../../../../../../ThesisUnrealProject/Content/MedievalDungeon/Textures/T_BrickFloor_Clean_A.uasset" 513
"../../../../../../ThesisUnrealProject/Content/MedievalDungeon/Materials/M_BrickFloor_Clean_Inst.uasset" 514
"../../../../../../ThesisUnrealProject/Content/Blueprints/BP_Dungeon/RoomsBlueprint/BP_RoomSocializer.uasset" 515
"../../../../../../ThesisUnrealProject/Content/Material/Physicsmaterial/Walls.uasset" 516
"../../../../../../ThesisUnrealProject/Content/Material/Physicsmaterial/Floor.uasset" 517
"../../../../../../ThesisUnrealProject/Content/Blueprints/BP_Dungeon/RoomsBlueprint/BP_RoomKiller.uasset" 518
"../../../../../../ThesisUnrealProject/Content/Blueprints/BP_Dungeon/RoomsBlueprint/BP_RoomAchiever.uasset" 519
"../../../Engine/Content/Functions/MaterialLayerFunctions/MatLayerBlend_TintAllChannels.uasset" 520
"../../../Engine/Content/Functions/MaterialLayerFunctions/MatLayerBlend_Standard.uasset" 521
"../../../Engine/Content/Functions/MaterialLayerFunctions/MatLayerBlend_RoughnessOverride.uasset" 522
"../../../Engine/Content/Functions/MaterialLayerFunctions/MatLayerBlend_Emissive.uasset" 523
"../../../Engine/Content/Functions/Engine_MaterialFunctions02/Utility/BlendAngleCorrectedNormals.uasset" 524
"../../../Engine/Content/Functions/MaterialLayerFunctions/MatLayerBlend_BakedNormal.uasset" 525
"../../../Engine/Content/Functions/Engine_MaterialFunctions01/Texturing/FlattenNormal.uasset" 526
"../../../../../../ThesisUnrealProject/Content/AssetPacks/ShooterGame/Weapons/Textures/LauncherT1_shade.uasset" 527
"../../../../../../ThesisUnrealProject/Content/AssetPacks/ShooterGame/Weapons/Textures/LauncherT1_section.uasset" 528
"../../../../../../ThesisUnrealProject/Content/AssetPacks/ShooterGame/Weapons/Textures/Launcher_01_N.uasset" 529
"../../../../../../ThesisUnrealProject/Content/AssetPacks/ShooterGame/Weapons/MaterialLayers/T_PaintedMetal02.uasset" 530
"../../../../../../ThesisUnrealProject/Content/AssetPacks/ShooterGame/Weapons/MaterialLayers/T_PaintedMetal01_N.uasset" 531
"../../../../../../ThesisUnrealProject/Content/AssetPacks/ShooterGame/Weapons/MaterialLayers/ML_Paint.uasset" 532
"../../../../../../ThesisUnrealProject/Content/AssetPacks/ShooterGame/Weapons/MaterialLayers/T_Metal_Metal02_D.uasset" 533
"../../../../../../ThesisUnrealProject/Content/AssetPacks/ShooterGame/Weapons/MaterialLayers/ML_Metal_Gray.uasset" 534
"../../../../../../ThesisUnrealProject/Content/AssetPacks/ShooterGame/Weapons/MaterialLayers/ML_BoltMetal.uasset" 535
"../../../../../../ThesisUnrealProject/Content/AssetPacks/ShooterGame/Weapons/Materials/Launcher_MatA.uasset" 536
"../../../../../../ThesisUnrealProject/Content/AssetPacks/ShooterGame/Weapons/Materials/Launcher_MatA_Inst.uasset" 537
"../../../../../../ThesisUnrealProject/Content/Blueprints/BP_Tutorial/AllyAI/BP_RiddleNPC.uasset" 538
"../../../../../../ThesisUnrealProject/Content/Blueprints/BP_Dungeon/ObstacleDoors/BP_DoorRiddle2.uasset" 539
"../../../../../../ThesisUnrealProject/Content/Blueprints/BP_Dungeon/ObstacleDoors/BP_DoorKiller2.uasset" 540
"../../../../../../ThesisUnrealProject/Content/Blueprints/BP_Dungeon/ObstacleDoors/BP_DoorExplorer2.uasset" 541
"../../../../../../ThesisUnrealProject/Content/Meshes/Key/keyB_tx.uasset" 542
"../../../../../../ThesisUnrealProject/Content/Meshes/Key/____Default.uasset" 543
"../../../../../../ThesisUnrealProject/Content/Meshes/Key/Key_B_02.uasset" 544
"../../../../../../ThesisUnrealProject/Content/Blueprints/BP_Dungeon/Elements/BP_KeyActor.uasset" 545
"../../../../../../ThesisUnrealProject/Content/Blueprints/BP_Dungeon/ObstacleDoors/BP_DoorAchiever2.uasset" 546
"../../../../../../ThesisUnrealProject/Content/Blueprints/BP_Tutorial/GeneralElements/BP_PuzzleButton.uasset" 547
"../../../../../../ThesisUnrealProject/Content/Blueprints/BP_Tutorial/GeneralElements/BP_Door.uasset" 548
"../../../../../../ThesisUnrealProject/Content/Meshes/Pallet/Boxes_on_pallet_obj/Boxes_on_pallet1.uasset" 549
"../../../../../../ThesisUnrealProject/Content/Meshes/Pallet/Boxes_on_pallet_obj/Material_0.uasset" 550
"../../../../../../ThesisUnrealProject/Content/Meshes/Pallet/SM_Pallet2.uasset" 551
"../../../../../../ThesisUnrealProject/Content/Meshes/DecorationElements/Torch/textures/Torch_Specular.uasset" 552
"../../../../../../ThesisUnrealProject/Content/Meshes/DecorationElements/Torch/textures/Torch_Normal_OGL.uasset" 553
"../../../../../../ThesisUnrealProject/Content/Meshes/DecorationElements/Torch/textures/Torch_Metallness.uasset" 554
"../../../../../../ThesisUnrealProject/Content/Meshes/DecorationElements/Torch/textures/Torch_Glossiness.uasset" 555
"../../../../../../ThesisUnrealProject/Content/Meshes/DecorationElements/Torch/textures/Torch_Emissive.uasset" 556
"../../../../../../ThesisUnrealProject/Content/Meshes/DecorationElements/Torch/textures/Torch_AO.uasset" 557
"../../../../../../ThesisUnrealProject/Content/Meshes/DecorationElements/Torch/textures/Base_Color.uasset" 558
"../../../../../../ThesisUnrealProject/Content/Material/Mat_Torch.uasset" 559
"../../../../../../ThesisUnrealProject/Content/Meshes/DecorationElements/Torch/Torch_Torch.uasset" 560
"../../../../../../ThesisUnrealProject/Content/Meshes/DecorationElements/Barrel2/textures/Barrel_2_Specular.uasset" 561
"../../../../../../ThesisUnrealProject/Content/Meshes/DecorationElements/Barrel2/textures/Barrel_2_Normal_OGL.uasset" 562
"../../../../../../ThesisUnrealProject/Content/Meshes/DecorationElements/Barrel2/textures/Barrel_2_Metallness.uasset" 563
"../../../../../../ThesisUnrealProject/Content/Meshes/DecorationElements/Barrel2/textures/Barrel_2_Glossiness.uasset" 564
"../../../../../../ThesisUnrealProject/Content/Meshes/DecorationElements/Barrel2/textures/Barrel_2_Base_Color.uasset" 565
"../../../../../../ThesisUnrealProject/Content/Meshes/DecorationElements/Barrel2/textures/Barrel_2_AO.uasset" 566
"../../../../../../ThesisUnrealProject/Content/Material/Mat_Barrel.uasset" 567
"../../../../../../ThesisUnrealProject/Content/Meshes/DecorationElements/Barrel2/Barrel_2_high.uasset" 568
"../../../../../../ThesisUnrealProject/Content/Meshes/DecorationElements/Barrel2/Barrel_2.uasset" 569
"../../../../../../ThesisUnrealProject/Content/Meshes/DecorationElements/barrel/texture/BROKEN_BARREL_Specular.uasset" 570
"../../../../../../ThesisUnrealProject/Content/Meshes/DecorationElements/barrel/texture/BROKEN_BARREL_Normal_OGL.uasset" 571
"../../../../../../ThesisUnrealProject/Content/Meshes/DecorationElements/barrel/texture/BROKEN_BARREL_Metallness.uasset" 572
"../../../../../../ThesisUnrealProject/Content/Meshes/DecorationElements/barrel/texture/BROKEN_BARREL_Glossiness.uasset" 573
"../../../../../../ThesisUnrealProject/Content/Meshes/DecorationElements/barrel/texture/BROKEN_BARREL_AO.uasset" 574
"../../../../../../ThesisUnrealProject/Content/Meshes/DecorationElements/barrel/texture/Base_Color.uasset" 575
"../../../../../../ThesisUnrealProject/Content/Material/Mat_Broken_Barrel.uasset" 576
"../../../../../../ThesisUnrealProject/Content/Meshes/DecorationElements/barrel/BROKEN_BARREL2.uasset" 577
"../../../../../../ThesisUnrealProject/Content/Meshes/DecorationElements/barrel/BROKEN_BARREL1.uasset" 578
"../../../../../../ThesisUnrealProject/Content/Blueprints/BP_Dungeon/BP_CrateElements.uasset" 579
"../../../../../../ThesisUnrealProject/Content/MedievalDungeon/Textures/T_Stone_Altar_N.uasset" 580
"../../../../../../ThesisUnrealProject/Content/MedievalDungeon/Textures/T_Stone_Altar_C.uasset" 581
"../../../../../../ThesisUnrealProject/Content/MedievalDungeon/Textures/T_Stone_Altar_A.uasset" 582
"../../../../../../ThesisUnrealProject/Content/MedievalDungeon/Materials/M_Stone_Altar_Inst.uasset" 583
"../../../../../../ThesisUnrealProject/Content/MedievalDungeon/Meshes/Props/SM_Alter.uasset" 584
"../../../../../../ThesisUnrealProject/Content/MedievalDungeon/Textures/T_Edge_Stones_And_Straight_Column_Texturing_Normal.uasset" 585
"../../../../../../ThesisUnrealProject/Content/MedievalDungeon/Textures/T_Edge_Stones_And_Straight_Column_Texturing_Compact.uasset" 586
"../../../../../../ThesisUnrealProject/Content/MedievalDungeon/Textures/T_Edge_Stones_And_Straight_Column_Texturing_Albedo.uasset" 587
"../../../../../../ThesisUnrealProject/Content/MedievalDungeon/Materials/M_Edge_Stones_Inst.uasset" 588
"../../../../../../ThesisUnrealProject/Content/MedievalDungeon/Textures/T_Pillar_N.uasset" 589
"../../../../../../ThesisUnrealProject/Content/MedievalDungeon/Textures/T_Pillar_C.uasset" 590
"../../../../../../ThesisUnrealProject/Content/MedievalDungeon/Textures/T_Pillar_A.uasset" 591
"../../../../../../ThesisUnrealProject/Content/MedievalDungeon/Materials/M_Pillar_Inst.uasset" 592
"../../../../../../ThesisUnrealProject/Content/MedievalDungeon/Meshes/Architecture/Dungeon/SM_Pillar.uasset" 593
"../../../../../../ThesisUnrealProject/Content/Blueprints/BP_Dungeon/Elements/Maze/Mesh/SM_WallMesh.uasset" 594
"../../../../../../ThesisUnrealProject/Content/Blueprints/BP_Dungeon/Elements/Maze/Mesh/SM_Floor3.uasset" 595
"../../../../../../ThesisUnrealProject/Content/Blueprints/BP_Dungeon/Elements/Maze/BP_Maze.uasset" 596
"../../../../../../ThesisUnrealProject/Content/Blueprints/BP_Dungeon/Enemy/Patrol/BBD_Patrol.uasset" 597
"../../../../../../ThesisUnrealProject/Content/Blueprints/BP_Dungeon/Enemy/Patrol/BT_Patrol.uasset" 598
"../../../../../../ThesisUnrealProject/Content/Blueprints/BP_Dungeon/Enemy/Patrol/BP_PatrolAIController.uasset" 599
"../../../../../../ThesisUnrealProject/Content/Blueprints/BP_Dungeon/Enemy/Patrol/BP_PatrolAI2.uasset" 600
"../../../../../../ThesisUnrealProject/Content/Blueprints/BP_Dungeon/Elements/BP_ShakingFallenPlatform.uasset" 601
"../../../../../../ThesisUnrealProject/Content/Blueprints/BP_Dungeon/Elements/BP_PortalNight.uasset" 602
"../../../../../../ThesisUnrealProject/Content/Blueprints/BP_Dungeon/Ally/MovebleAI/BB_PawnAIMove_2.uasset" 603
"../../../../../../ThesisUnrealProject/Content/Blueprints/BP_Dungeon/Ally/MovebleAI/BT_PawnAIMove_2.uasset" 604
"../../../../../../ThesisUnrealProject/Content/Blueprints/BP_Dungeon/Ally/MovebleAI/BP_PawnAIMoveController_2.uasset" 605
"../../../../../../ThesisUnrealProject/Content/Blueprints/BP_Dungeon/Ally/MovebleAI/BP_PawnAIMove_2.uasset" 606
"../../../../../../ThesisUnrealProject/Content/Blueprints/BP_Dungeon/GameManager/BP_SocializerMaze.uasset" 607
"../../../../../../ThesisUnrealProject/Content/Blueprints/BP_Dungeon/Elements/BP_TriggerMap.uasset" 608
"../../../../../../ThesisUnrealProject/Content/Blueprints/BP_Dungeon/Elements/BP_CheckPointLevel1.uasset" 609
"../../../../../../ThesisUnrealProject/Content/Blueprints/BP_Dungeon/Enemy/Patrol/BT_Patrol_Circular.uasset" 610
"../../../../../../ThesisUnrealProject/Content/Blueprints/BP_Dungeon/Enemy/Patrol/BP_PatrolAIController_Circular.uasset" 611
"../../../../../../ThesisUnrealProject/Content/Blueprints/BP_Dungeon/Enemy/Patrol/BP_PatrolAI2_Circular.uasset" 612
"../../../../../../ThesisUnrealProject/Content/Blueprints/BP_Dungeon/Elements/Hats/BP_Hat_6.uasset" 613
"../../../../../../ThesisUnrealProject/Content/Material/Cube/Mat_Blue.uasset" 614
"../../../../../../ThesisUnrealProject/Content/Blueprints/BP_Dungeon/Elements/Hats/BP_Hat_5.uasset" 615
"../../../../../../ThesisUnrealProject/Content/Blueprints/BP_Dungeon/Elements/Hats/BP_Hat_4.uasset" 616
"../../../../../../ThesisUnrealProject/Content/Blueprints/BP_Dungeon/Elements/Hats/BP_Hat_3.uasset" 617
"../../../../../../ThesisUnrealProject/Content/Blueprints/BP_Dungeon/Elements/Hats/BP_Hat_2.uasset" 618
"../../../../../../ThesisUnrealProject/Content/Blueprints/BP_Dungeon/Elements/Hats/BP_Hat.uasset" 619
"../../../../../../ThesisUnrealProject/Content/Meshes/Obstacles/Texture/OPM0041_4K_Roughness.uasset" 620
"../../../../../../ThesisUnrealProject/Content/Meshes/Obstacles/Texture/OPM0041_4K_Occlusion.uasset" 621
"../../../../../../ThesisUnrealProject/Content/Meshes/Obstacles/Texture/OPM0041_4K_Normal.uasset" 622
"../../../../../../ThesisUnrealProject/Content/Meshes/Obstacles/Texture/OPM0041_4K_BaseColor.uasset" 623
"../../../../../../ThesisUnrealProject/Content/Meshes/Obstacles/OPM0042.uasset" 624
"../../../../../../ThesisUnrealProject/Content/Meshes/Obstacles/OPM0041.uasset" 625
"../../../../../../ThesisUnrealProject/Content/Blueprints/BP_Dungeon/Elements/BP_Trap.uasset" 626
"../../../../../../ThesisUnrealProject/Content/FXVarietyPack/Meshes/SM_ky_tornado07.uasset" 627
"../../../../../../ThesisUnrealProject/Content/FXVarietyPack/Meshes/SM_ky_circleDist06.uasset" 628
"../../../../../../ThesisUnrealProject/Content/FXVarietyPack/Textures/T_ky_noise6.uasset" 629
"../../../../../../ThesisUnrealProject/Content/FXVarietyPack/Materials/M_ky_waterDust02.uasset" 630
"../../../Engine/Content/Functions/Engine_MaterialFunctions03/Texturing/TwoSidedTexturing.uasset" 631
"../../../../../../ThesisUnrealProject/Content/FXVarietyPack/Textures/T_ky_noise4.uasset" 632
"../../../../../../ThesisUnrealProject/Content/FXVarietyPack/Textures/T_ky_noise5.uasset" 633
"../../../../../../ThesisUnrealProject/Content/FXVarietyPack/Materials/Mfunction/MF_ky_TexController.uasset" 634
"../../../../../../ThesisUnrealProject/Content/FXVarietyPack/Materials/M_ky_stormDeco01.uasset" 635
"../../../../../../ThesisUnrealProject/Content/FXVarietyPack/Materials/MI_ky_stormDeco01_aqua.uasset" 636
"../../../../../../ThesisUnrealProject/Content/FXVarietyPack/Textures/T_ky_noise17.uasset" 637
"../../../../../../ThesisUnrealProject/Content/FXVarietyPack/Materials/Mfunction/MF_ky_MaskToTopUnder.uasset" 638
"../../../../../../ThesisUnrealProject/Content/FXVarietyPack/Materials/Mfunction/MF_ky_AddHilight.uasset" 639
"../../../../../../ThesisUnrealProject/Content/FXVarietyPack/Materials/Mfunction/MF_ky_TexController_primitive.uasset" 640
"../../../../../../ThesisUnrealProject/Content/FXVarietyPack/Materials/M_ky_storm01.uasset" 641
"../../../../../../ThesisUnrealProject/Content/FXVarietyPack/Materials/MI_ky_storm01_aqua_nonD.uasset" 642
"../../../../../../ThesisUnrealProject/Content/FXVarietyPack/Materials/MI_ky_storm01_aqua.uasset" 643
"../../../../../../ThesisUnrealProject/Content/FXVarietyPack/Textures/T_ky_flare_a.uasset" 644
"../../../../../../ThesisUnrealProject/Content/FXVarietyPack/Materials/M_ky_flare_flash.uasset" 645
"../../../../../../ThesisUnrealProject/Content/FXVarietyPack/Particles/P_ky_aquaStorm.uasset" 646
"../../../../../../ThesisUnrealProject/Content/Blueprints/BP_Dungeon/Elements/BP_Storm_2.uasset" 647
"../../../../../../ThesisUnrealProject/Content/FXVarietyPack/Textures/T_ky_smoke_kai.uasset" 648
"../../../../../../ThesisUnrealProject/Content/FXVarietyPack/Textures/T_ky_dist_noise.uasset" 649
"../../../../../../ThesisUnrealProject/Content/FXVarietyPack/Materials/M_ky_base_turbulence.uasset" 650
"../../../../../../ThesisUnrealProject/Content/FXVarietyPack/Materials/MI_ky_turbulence_smoke2d_trs.uasset" 651
"../../../../../../ThesisUnrealProject/Content/FXVarietyPack/Materials/MI_ky_stormDeco01_fire.uasset" 652
"../../../../../../ThesisUnrealProject/Content/FXVarietyPack/Materials/MI_ky_storm01_fire_nonD1.uasset" 653
"../../../../../../ThesisUnrealProject/Content/FXVarietyPack/Materials/MI_ky_storm01_fire.uasset" 654
"../../../../../../ThesisUnrealProject/Content/FXVarietyPack/Materials/MI_ky_flare_flash_trs.uasset" 655
"../../../../../../ThesisUnrealProject/Content/FXVarietyPack/Textures/T_ky_smoke2.uasset" 656
"../../../../../../ThesisUnrealProject/Content/FXVarietyPack/Textures/T_ky_noise3.uasset" 657
"../../../../../../ThesisUnrealProject/Content/FXVarietyPack/Materials/M_ky_dynDust.uasset" 658
"../../../../../../ThesisUnrealProject/Content/FXVarietyPack/Materials/MI_ky_dynDust.uasset" 659
"../../../../../../ThesisUnrealProject/Content/FXVarietyPack/Particles/P_ky_fireStorm.uasset" 660
"../../../../../../ThesisUnrealProject/Content/Blueprints/BP_Dungeon/Elements/BP_Storm.uasset" 661
"../../../../../../ThesisUnrealProject/Content/MedievalDungeon/Textures/T_Gargoyle_N.uasset" 662
"../../../../../../ThesisUnrealProject/Content/MedievalDungeon/Textures/T_Gargoyle_C.uasset" 663
"../../../../../../ThesisUnrealProject/Content/MedievalDungeon/Textures/T_Gargoyle_A.uasset" 664
"../../../../../../ThesisUnrealProject/Content/MedievalDungeon/Materials/M_Gargoyle_Inst.uasset" 665
"../../../../../../ThesisUnrealProject/Content/MedievalDungeon/Meshes/Props/SM_Gargoyle_Statue.uasset" 666
"../../../../../../ThesisUnrealProject/Content/Blueprints/BP_Dungeon/Elements/BP_Statue.uasset" 667
"../../../../../../ThesisUnrealProject/Content/Meshes/Heart/wire_143224087.uasset" 668
"../../../../../../ThesisUnrealProject/Content/Meshes/Heart/Love.uasset" 669
"../../../../../../ThesisUnrealProject/Content/Blueprints/BP_Dungeon/Elements/BP_Heart.uasset" 670
"../../../../../../ThesisUnrealProject/Content/MedievalDungeon/Textures/T_Skeleton_Dirty_N.uasset" 671
"../../../../../../ThesisUnrealProject/Content/MedievalDungeon/Textures/T_Skeleton_Dirty_C.uasset" 672
"../../../../../../ThesisUnrealProject/Content/MedievalDungeon/Textures/T_Skeleton_Dirty_A.uasset" 673
"../../../../../../ThesisUnrealProject/Content/MedievalDungeon/Textures/T_Skeleton_Clean_N.uasset" 674
"../../../../../../ThesisUnrealProject/Content/MedievalDungeon/Textures/T_Skeleton_Clean_C.uasset" 675
"../../../../../../ThesisUnrealProject/Content/MedievalDungeon/Textures/T_Skeleton_Clean_A.uasset" 676
"../../../../../../ThesisUnrealProject/Content/MedievalDungeon/Materials/M_Skeleton_Dirty.uasset" 677
"../../../../../../ThesisUnrealProject/Content/MedievalDungeon/Textures/T_Coffin_Normal.uasset" 678
"../../../../../../ThesisUnrealProject/Content/MedievalDungeon/Textures/T_Coffin_Compact.uasset" 679
"../../../../../../ThesisUnrealProject/Content/MedievalDungeon/Textures/T_Coffin_Albedo.uasset" 680
"../../../../../../ThesisUnrealProject/Content/MedievalDungeon/Materials/M_Coffin_Inst.uasset" 681
"../../../../../../ThesisUnrealProject/Content/Meshes/SM_FinalMesh.uasset" 682
"../../../../../../ThesisUnrealProject/Content/FXVarietyPack/Meshes/SM_ky_cylinderBend07.uasset" 683
"../../../../../../ThesisUnrealProject/Content/FXVarietyPack/Textures/T_ky_magicCircle020.uasset" 684
"../../../../../../ThesisUnrealProject/Content/FXVarietyPack/Materials/Mfunction/MF_ky_VectorToRadialValue.uasset" 685
"../../../../../../ThesisUnrealProject/Content/FXVarietyPack/Materials/M_ky_magicCircle020.uasset" 686
"../../../../../../ThesisUnrealProject/Content/FXVarietyPack/Textures/T_ky_noise.uasset" 687
"../../../../../../ThesisUnrealProject/Content/FXVarietyPack/Materials/M_ky_Fresnel.uasset" 688
"../../../../../../ThesisUnrealProject/Content/FXVarietyPack/Textures/T_ky_circle01_4x4.uasset" 689
"../../../../../../ThesisUnrealProject/Content/FXVarietyPack/Materials/M_ky_circle01_4x4G_nonD.uasset" 690
"../../../../../../ThesisUnrealProject/Content/FXVarietyPack/Textures/T_ky_circleDust.uasset" 691
"../../../../../../ThesisUnrealProject/Content/FXVarietyPack/Materials/M_ky_base.uasset" 692
"../../../../../../ThesisUnrealProject/Content/FXVarietyPack/Materials/MI_ky_circleDust.uasset" 693
"../../../../../../ThesisUnrealProject/Content/FXVarietyPack/Textures/T_ky_chantDecoC.uasset" 694
"../../../../../../ThesisUnrealProject/Content/FXVarietyPack/Materials/M_ky_chantDecoA.uasset" 695
"../../../../../../ThesisUnrealProject/Content/FXVarietyPack/Materials/MI_ky_chantDecoAc.uasset" 696
"../../../../../../ThesisUnrealProject/Content/FXVarietyPack/Particles/P_ky_magicCircle1.uasset" 697
"../../../../../../ThesisUnrealProject/Content/Font/Vanilla.uasset" 698
"../../../../../../ThesisUnrealProject/Content/Font/Vanilla_Font.uasset" 699
"../../../../../../ThesisUnrealProject/Content/Images/button__12_.uasset" 700
"../../../../../../ThesisUnrealProject/Content/Images/button__10_.uasset" 701
"../../../../../../ThesisUnrealProject/Content/Blueprints/BP_Tutorial/UI/WBP_Button.uasset" 702
"../../../../../../ThesisUnrealProject/Content/Blueprints/BP_Tutorial/UI/WBP_BoxDialog.uasset" 703
"../../../../../../ThesisUnrealProject/Content/Blueprints/BP_Tutorial/UI/WDP_EndScreen_2.uasset" 704
"../../../../../../ThesisUnrealProject/Content/Blueprints/BP_Dungeon/Elements/BP_FinalLevelActor.uasset" 705
"../../../../../../ThesisUnrealProject/Content/Blueprints/BP_Dungeon/GameManager/BP_MazeManager.uasset" 706
"../../../../../../ThesisUnrealProject/Content/Blueprints/BP_Tutorial/BP_Floor.uasset" 707
"../../../../../../ThesisUnrealProject/Content/Blueprints/BP_Tutorial/BP_FloorsTutorial.uasset" 708
"../../../../../../ThesisUnrealProject/Content/Blueprints/BP_Tutorial/UI/WBP_SingleResponse.uasset" 709
"../../../../../../ThesisUnrealProject/Content/Blueprints/BP_Tutorial/UI/WBP_List.uasset" 710
"../../../../../../ThesisUnrealProject/Content/Blueprints/BP_Tutorial/UI/WDP_Dialog.uasset" 711
"../../../../../../ThesisUnrealProject/Content/Blueprints/BP_Tutorial/UI/WBD_Pause.uasset" 712
"../../../../../../ThesisUnrealProject/Content/Blueprints/BP_Tutorial/BP_CharacterPawnQuad.uasset" 713
"../../../../../../ThesisUnrealProject/Content/Blueprints/BP_Tutorial/BP_GameModeTutorial.uasset" 714
"../../../../../../ThesisUnrealProject/Content/Blueprints/BP_Tutorial/Walls.uasset" 715
"../../../../../../ThesisUnrealProject/Content/Blueprints/BP_Tutorial/Prefabs/BP_NPC1Door.uasset" 716
"../../../../../../ThesisUnrealProject/Content/Blueprints/BP_Tutorial/UI/BP_OverlayedText.uasset" 717
"../../../../../../ThesisUnrealProject/Content/Meshes/MeshTutorial/3d-model.uasset" 718
"../../../../../../ThesisUnrealProject/Content/Meshes/MeshTutorial/DestructibleComponents/3d-model_DM.uasset" 719
"../../../../../../ThesisUnrealProject/Content/Blueprints/BP_Tutorial/Destructible/BP_DestructibleGate.uasset" 720
"../../../../../../ThesisUnrealProject/Content/Blueprints/BP_Tutorial/Prefabs/BP_PuzzleWith2Doors.uasset" 721
"../../../../../../ThesisUnrealProject/Content/Blueprints/BP_Tutorial/Trigger/BP_DeathTrigger.uasset" 722
"../../../../../../ThesisUnrealProject/Content/FXVarietyPack/EpicContent/Blueprints/BP_DemoDisplay_Enum.uasset" 723
"../../../../../../ThesisUnrealProject/Content/FXVarietyPack/EpicContent/Blueprints/BP_DemoRoom_Enum.uasset" 724
"../../../../../../ThesisUnrealProject/Content/UI/WBP_InGameScreen.uasset" 725
"../../Plugins/2D/Paper2D/Content/PlaceholderTextures/DummySpriteTexture.uasset" 726
"../../Plugins/2D/Paper2D/Content/DummySprite.uasset" 727
"../../Plugins/2D/Paper2D/Content/DefaultPaperTerrainMaterial.uasset" 728
"../../Plugins/2D/Paper2D/Content/DefaultSpriteMaterial.uasset" 729
"../../Plugins/2D/Paper2D/Content/MaskedUnlitSpriteMaterial.uasset" 730
"../../Plugins/2D/Paper2D/Content/OpaqueUnlitSpriteMaterial.uasset" 731
"../../../Engine/Content/Functions/Engine_MaterialFunctions02/ObjectLocalBounds.uasset" 732
"../../../Engine/Content/Functions/Engine_MaterialFunctions02/UVs/BoundingBoxBased_0-1_UVW.uasset" 733
"../../Plugins/Editor/SpeedTreeImporter/Content/SpeedTree9/UnpackInteger3.uasset" 734
"../../Plugins/Editor/SpeedTreeImporter/Content/SpeedTree9/UnpackDirection.uasset" 735
"../../Plugins/Editor/SpeedTreeImporter/Content/SpeedTree9/game_wind_noise.uasset" 736
"../../Plugins/Editor/SpeedTreeImporter/Content/SpeedTree9/SpeedTreeWindMotion.uasset" 737
"../../Plugins/Editor/SpeedTreeImporter/Content/SpeedTree9/SpeedTreeBranchMotion.uasset" 738
"../../Plugins/Editor/SpeedTreeImporter/Content/SpeedTree9/SpeedTreeWind.uasset" 739
"../../Plugins/Editor/SpeedTreeImporter/Content/SpeedTree9/SpeedTreeBillboard.uasset" 740
"../../Plugins/Editor/SpeedTreeImporter/Content/SpeedTree9/SpeedTreeBillboardMaster.uasset" 741
"../../Plugins/Editor/SpeedTreeImporter/Content/SpeedTree9/SpeedTreeCameraFacing.uasset" 742
"../../Plugins/Editor/SpeedTreeImporter/Content/SpeedTree9/SpeedTreeMaster.uasset" 743
"../../Plugins/FX/Niagara/Content/Enums/ENiagaraAnimTrailWidthMode.uasset" 744
"../../Plugins/FX/Niagara/Content/Enums/ENiagaraArraySamplingMode.uasset" 745
"../../Plugins/FX/Niagara/Content/Enums/ENiagaraBoneSamplingMode.uasset" 746
"../../Plugins/FX/Niagara/Content/Enums/ENiagaraBoneSocketSamplingMode.uasset" 747
"../../Plugins/FX/Niagara/Content/Enums/ENiagaraBooleanLogicOps.uasset" 748
"../../Plugins/FX/Niagara/Content/Enums/ENiagaraBooleanLogicOps_v2.uasset" 749
"../../Plugins/FX/Niagara/Content/Enums/ENiagaraCalculateRadiusOptions.uasset" 750
"../../Plugins/FX/Niagara/Content/Enums/ENiagaraChannelCorrelation.uasset" 751
"../../Plugins/FX/Niagara/Content/Enums/ENiagaraCollisionRadiusOptions.uasset" 752
"../../Plugins/FX/Niagara/Content/Enums/ENiagaraCoordinateSpace.uasset" 753
"../../Plugins/FX/Niagara/Content/Enums/ENiagaraCurlNoiseQuality.uasset" 754
"../../Plugins/FX/Niagara/Content/Enums/ENiagaraEmitterLifeCycleMode.uasset" 755
"../../Plugins/FX/Niagara/Content/Enums/ENiagaraEmitterScalabilityMode.uasset" 756
"../../Plugins/FX/Niagara/Content/Enums/ENiagaraEmitterScalabilityMode_Limited.uasset" 757
"../../Plugins/FX/Niagara/Content/Enums/ENiagaraExecutionStateManagement.uasset" 758
"../../Plugins/FX/Niagara/Content/Enums/ENiagaraExpansionMode.uasset" 759
"../../Plugins/FX/Niagara/Content/Enums/ENiagaraFrictionMergeType.uasset" 760
"../../Plugins/FX/Niagara/Content/Enums/ENiagaraGPUDepthResponseType.uasset" 761
"../../Plugins/FX/Niagara/Content/Enums/ENiagaraGridPlacementType.uasset" 762
"../../Plugins/FX/Niagara/Content/Enums/ENiagaraInactiveMode.uasset" 763
"../../Plugins/FX/Niagara/Content/Enums/ENiagaraKillVolumeOptions.uasset" 764
"../../Plugins/FX/Niagara/Content/Enums/ENiagaraLinearColor_Channels.uasset" 765
"../../Plugins/FX/Niagara/Content/Enums/ENiagaraMassByVolume.uasset" 766
"../../Plugins/FX/Niagara/Content/Enums/ENiagaraMassCalculationForRendererTypes.uasset" 767
"../../Plugins/FX/Niagara/Content/Enums/ENiagaraMeshOrSprite.uasset" 768
"../../Plugins/FX/Niagara/Content/Enums/ENiagaraMeshSamplingMode.uasset" 769
"../../Plugins/FX/Niagara/Content/Enums/ENiagaraMeshSurfaceSamplingMode.uasset" 770
"../../Plugins/FX/Niagara/Content/Enums/ENiagaraMeshTransforms.uasset" 771
"../../Plugins/FX/Niagara/Content/Enums/ENiagaraMinOrMax.uasset" 772
"../../Plugins/FX/Niagara/Content/Enums/ENiagaraNumericVariableTypes.uasset" 773
"../../Plugins/FX/Niagara/Content/Enums/ENiagaraOrientationAxis.uasset" 774
"../../Plugins/FX/Niagara/Content/Enums/ENiagaraQuaternionDerivationTechnique.uasset" 775
"../../Plugins/FX/Niagara/Content/Enums/ENiagaraRandomnessEvaluation.uasset" 776
"../../Plugins/FX/Niagara/Content/Enums/ENiagaraRandomnessMode.uasset" 777
"../../Plugins/FX/Niagara/Content/Enums/ENiagaraRestitutionMergeType.uasset" 778
"../../Plugins/FX/Niagara/Content/Enums/ENiagaraScaleColorMode.uasset" 779
"../../Plugins/FX/Niagara/Content/Enums/ENiagaraSimulationTarget.uasset" 780
"../../Plugins/FX/Niagara/Content/Enums/ENiagaraSkeletalSpawning.uasset" 781
"../../Plugins/FX/Niagara/Content/Enums/ENiagaraSkelSamplingFilteringMode.uasset" 782
"../../Plugins/FX/Niagara/Content/Enums/ENiagaraSkelSamplingModeFull.uasset" 783
"../../Plugins/FX/Niagara/Content/Enums/ENiagaraSocketSamplingMode.uasset" 784
"../../Plugins/FX/Niagara/Content/Enums/ENiagaraSphereDistributionMode.uasset" 785
"../../Plugins/FX/Niagara/Content/Enums/ENiagaraSUbUVAnimationMode.uasset" 786
"../../Plugins/FX/Niagara/Content/Enums/ENiagaraSystemInactiveMode.uasset" 787
"../../Plugins/FX/Niagara/Content/Enums/ENiagaraTorusDistributionMode.uasset" 788
"../../Plugins/FX/Niagara/Content/Enums/ENiagaraTorusMode.uasset" 789
"../../Plugins/FX/Niagara/Content/Enums/ENiagaraTriangleSamplingMode.uasset" 790
"../../Plugins/FX/Niagara/Content/Enums/ENiagaraVector2_Channels.uasset" 791
"../../Plugins/FX/Niagara/Content/Enums/ENiagaraVector3_Channels.uasset" 792
"../../Plugins/FX/Niagara/Content/Enums/ENiagaraVector4_Channels.uasset" 793
"../../Plugins/FX/Niagara/Content/Enums/ENiagaraVertexFilteringMode.uasset" 794
"../../Plugins/FX/Niagara/Content/Enums/ENiagaraVertexSamplingMode.uasset" 795
"../../Plugins/FX/Niagara/Content/Enums/ENiagara_AudioParamType.uasset" 796
"../../Plugins/FX/Niagara/Content/Enums/ENiagara_BankOnTurns.uasset" 797
"../../Plugins/FX/Niagara/Content/Enums/ENiagara_CameraMeshOrientation.uasset" 798
"../../Plugins/FX/Niagara/Content/Enums/ENiagara_CameraProperties.uasset" 799
"../../Plugins/FX/Niagara/Content/Enums/ENiagara_CollisionType.uasset" 800
"../../Plugins/FX/Niagara/Content/Enums/ENiagara_ColorInitializationMode.uasset" 801
"../../Plugins/FX/Niagara/Content/Enums/ENiagara_CPUCollisionType.uasset" 802
"../../Plugins/FX/Niagara/Content/Enums/ENiagara_DirectReadApplicationMode.uasset" 803
"../../Plugins/FX/Niagara/Content/Enums/ENiagara_DirectReadParticleIDSampling.uasset" 804
"../../Plugins/FX/Niagara/Content/Enums/ENiagara_DirectReadSamplingMode.uasset" 805
"../../Plugins/FX/Niagara/Content/Enums/ENiagara_EmitterLocSamplingMode.uasset" 806
"../../Plugins/FX/Niagara/Content/Enums/ENiagara_EmitterStateOptions.uasset" 807
"../../Plugins/FX/Niagara/Content/Enums/ENiagara_FadeOperationType.uasset" 808
"../../Plugins/FX/Niagara/Content/Enums/ENiagara_Float4Channel.uasset" 809
"../../Plugins/FX/Niagara/Content/Enums/ENiagara_GPUCollisionType.uasset" 810
"../../Plugins/FX/Niagara/Content/Enums/ENiagara_IDAttributes.uasset" 811
"../../Plugins/FX/Niagara/Content/Enums/ENiagara_InfiniteLoopDuration.uasset" 812
"../../Plugins/FX/Niagara/Content/Enums/ENiagara_LifetimeInheritanceOptions.uasset" 813
"../../Plugins/FX/Niagara/Content/Enums/ENiagara_LifetimeMode.uasset" 814
"../../Plugins/FX/Niagara/Content/Enums/ENiagara_MassInitializationMode.uasset" 815
"../../Plugins/FX/Niagara/Content/Enums/ENiagara_MultipleLerpCount.uasset" 816
"../../Plugins/FX/Niagara/Content/Enums/ENiagara_PositionInitializationMode.uasset" 817
"../../Plugins/FX/Niagara/Content/Enums/ENiagara_RotationDefinitionApproach.uasset" 818
"../../Plugins/FX/Niagara/Content/Enums/ENiagara_SizeScaleMode.uasset" 819
"../../Plugins/FX/Niagara/Content/Enums/ENiagara_SpawnBurstMode.uasset" 820
"../../Plugins/FX/Niagara/Content/Enums/ENiagara_SpriteRotationMode.uasset" 821
"../../Plugins/FX/Niagara/Content/Enums/ENiagara_SubUVLookupMode.uasset" 822
"../../Plugins/FX/Niagara/Content/Enums/ENiagara_TransformBaseOptions.uasset" 823
"../../Plugins/FX/Niagara/Content/Enums/ENiagara_TransformMode.uasset" 824
"../../Plugins/FX/Niagara/Content/Enums/ENiagara_TransformOrientationMode.uasset" 825
"../../Plugins/FX/Niagara/Content/Enums/ENiagara_UVFlippingMode.uasset" 826
"../../Plugins/FX/Niagara/Content/Enums/Niagara_Units.uasset" 827
"../../Plugins/FX/Niagara/Content/Enums/CascadeConversion/ECascadeNiagaraOrbitChainMode.uasset" 828
"../../Plugins/FX/Niagara/Content/Enums/CascadeConversion/ECascadeNiagaraTwoVectorChannels.uasset" 829
"../../Plugins/FX/Niagara/Content/Icons/S_ParticleSystem.uasset" 830
"../../../Engine/Content/ArtTools/RenderToTexture/Materials/Debug/M_Emissive_Color.uasset" 831
"../../../Engine/Content/BasicShapes/Cylinder.uasset" 832
"../../Plugins/Lumin/MagicLeapPassableWorld/Content/MagicLeapARPinInfoActor.uasset" 833
"../../Plugins/Experimental/ControlRig/Content/M_Manip.uasset" 834
"../../Plugins/Experimental/ControlRig/Content/Controls/ControlRigGizmoMaterial.uasset" 835
"../../Plugins/Experimental/ControlRig/Content/Controls/ControlRig_Arrow2_1mm.uasset" 836
"../../Plugins/Experimental/ControlRig/Content/Controls/ControlRig_Arrow2_3mm.uasset" 837
"../../Plugins/Experimental/ControlRig/Content/Controls/ControlRig_Arrow2_solid.uasset" 838
"../../Plugins/Experimental/ControlRig/Content/Controls/ControlRig_Arrow4_1mm.uasset" 839
"../../Plugins/Experimental/ControlRig/Content/Controls/ControlRig_Arrow4_3mm.uasset" 840
"../../Plugins/Experimental/ControlRig/Content/Controls/ControlRig_Arrow4_solid.uasset" 841
"../../Plugins/Experimental/ControlRig/Content/Controls/ControlRig_Arrow_1mm.uasset" 842
"../../Plugins/Experimental/ControlRig/Content/Controls/ControlRig_Arrow_3mm.uasset" 843
"../../Plugins/Experimental/ControlRig/Content/Controls/ControlRig_Arrow_solid.uasset" 844
"../../Plugins/Experimental/ControlRig/Content/Controls/ControlRig_Box_1mm.uasset" 845
"../../Plugins/Experimental/ControlRig/Content/Controls/ControlRig_Box_3mm.uasset" 846
"../../Plugins/Experimental/ControlRig/Content/Controls/ControlRig_Box_solid.uasset" 847
"../../Plugins/Experimental/ControlRig/Content/Controls/ControlRig_Circle_1mm.uasset" 848
"../../Plugins/Experimental/ControlRig/Content/Controls/ControlRig_Circle_3mm.uasset" 849
"../../Plugins/Experimental/ControlRig/Content/Controls/ControlRig_Circle_solid.uasset" 850
"../../Plugins/Experimental/ControlRig/Content/Controls/ControlRig_Diamond_1mm.uasset" 851
"../../Plugins/Experimental/ControlRig/Content/Controls/ControlRig_Diamond_3mm.uasset" 852
"../../Plugins/Experimental/ControlRig/Content/Controls/ControlRig_Diamond_solid.uasset" 853
"../../Plugins/Experimental/ControlRig/Content/Controls/ControlRig_HalfCircle_1mm.uasset" 854
"../../Plugins/Experimental/ControlRig/Content/Controls/ControlRig_HalfCircle_3mm.uasset" 855
"../../Plugins/Experimental/ControlRig/Content/Controls/ControlRig_HalfCircle_solid.uasset" 856
"../../Plugins/Experimental/ControlRig/Content/Controls/ControlRig_Hexagon_1mm.uasset" 857
"../../Plugins/Experimental/ControlRig/Content/Controls/ControlRig_Hexagon_3mm.uasset" 858
"../../Plugins/Experimental/ControlRig/Content/Controls/ControlRig_Hexagon_solid.uasset" 859
"../../Plugins/Experimental/ControlRig/Content/Controls/ControlRig_Octagon_1mm.uasset" 860
"../../Plugins/Experimental/ControlRig/Content/Controls/ControlRig_Octagon_3mm.uasset" 861
"../../Plugins/Experimental/ControlRig/Content/Controls/ControlRig_Octagon_solid.uasset" 862
"../../Plugins/Experimental/ControlRig/Content/Controls/ControlRig_Pyramid_1mm.uasset" 863
"../../Plugins/Experimental/ControlRig/Content/Controls/ControlRig_Pyramid_3mm.uasset" 864
"../../Plugins/Experimental/ControlRig/Content/Controls/ControlRig_Pyramid_solid.uasset" 865
"../../Plugins/Experimental/ControlRig/Content/Controls/ControlRig_QuarterCircle_1mm.uasset" 866
"../../Plugins/Experimental/ControlRig/Content/Controls/ControlRig_QuarterCircle_3mm.uasset" 867
"../../Plugins/Experimental/ControlRig/Content/Controls/ControlRig_QuarterCircle_solid.uasset" 868
"../../Plugins/Experimental/ControlRig/Content/Controls/ControlRig_RoundedSquare_1mm.uasset" 869
"../../Plugins/Experimental/ControlRig/Content/Controls/ControlRig_RoundedSquare_3mm.uasset" 870
"../../Plugins/Experimental/ControlRig/Content/Controls/ControlRig_RoundedSquare_solid.uasset" 871
"../../Plugins/Experimental/ControlRig/Content/Controls/ControlRig_RoundedTriangle_1mm.uasset" 872
"../../Plugins/Experimental/ControlRig/Content/Controls/ControlRig_RoundedTriangle_3mm.uasset" 873
"../../Plugins/Experimental/ControlRig/Content/Controls/ControlRig_RoundedTriangle_solid.uasset" 874
"../../Plugins/Experimental/ControlRig/Content/Controls/ControlRig_Sphere_1mm.uasset" 875
"../../Plugins/Experimental/ControlRig/Content/Controls/ControlRig_Sphere_3mm.uasset" 876
"../../Plugins/Experimental/ControlRig/Content/Controls/ControlRig_Sphere_solid.uasset" 877
"../../Plugins/Experimental/ControlRig/Content/Controls/ControlRig_Square_1mm.uasset" 878
"../../Plugins/Experimental/ControlRig/Content/Controls/ControlRig_Square_3mm.uasset" 879
"../../Plugins/Experimental/ControlRig/Content/Controls/ControlRig_Square_solid.uasset" 880
"../../Plugins/Experimental/ControlRig/Content/Controls/ControlRig_Star4_1mm.uasset" 881
"../../Plugins/Experimental/ControlRig/Content/Controls/ControlRig_Star4_3mm.uasset" 882
"../../Plugins/Experimental/ControlRig/Content/Controls/ControlRig_Star4_solid.uasset" 883
"../../Plugins/Experimental/ControlRig/Content/Controls/ControlRig_Triangle_1mm.uasset" 884
"../../Plugins/Experimental/ControlRig/Content/Controls/ControlRig_Triangle_3mm.uasset" 885
"../../Plugins/Experimental/ControlRig/Content/Controls/ControlRig_Triangle_solid.uasset" 886
"../../Plugins/Experimental/ControlRig/Content/Controls/ControlRig_Wedge_1mm.uasset" 887
"../../Plugins/Experimental/ControlRig/Content/Controls/ControlRig_Wedge_3mm.uasset" 888
"../../Plugins/Experimental/ControlRig/Content/Controls/ControlRig_Wedge_solid.uasset" 889
"../../Plugins/Experimental/ControlRig/Content/Controls/DefaultGizmoLibrary.uasset" 890
"../../../Engine/Content/Functions/Engine_MaterialFunctions02/Utility/BreakOutFloat4Components.uasset" 891
"../../Plugins/Runtime/Oculus/OculusVR/Content/Materials/OculusMR_ChromaKey.uasset" 892
"../../Plugins/Runtime/Oculus/OculusVR/Content/Materials/OculusMR_OpaqueColoredMaterial.uasset" 893
"../../Plugins/Runtime/Oculus/OculusVR/Content/Materials/PokeAHoleMaterial.uasset" 894
"../../../Engine/Content/Maps/Entry_BuiltData.uasset" 895
"../../../Engine/Content/Maps/Entry.umap" 896
"../../../../../../ThesisUnrealProject/Content/GoodSky/Source/Textures/T_GoodSky_clouds_sphere.uasset" 897
"../../../../../../ThesisUnrealProject/Content/GoodSky/Source/Textures/T_GoodSky_clouds_B.uasset" 898
"../../../../../../ThesisUnrealProject/Content/GoodSky/Source/Textures/T_GoodSky_clouds_F.uasset" 899
"../../../../../../ThesisUnrealProject/Content/GoodSky/Source/Textures/T_GoodSky_clouds_D.uasset" 900
"../../../../../../ThesisUnrealProject/Content/GoodSky/Source/Textures/T_GoodSky_clouds_A.uasset" 901
"../../../../../../ThesisUnrealProject/Content/GoodSky/Source/Materials/Material_Function/MF_GoodSky_Top_part_alpha.uasset" 902
"../../../../../../ThesisUnrealProject/Content/GoodSky/Source/Materials/Material_Function/MF_GoodSky_Time.uasset" 903
"../../../../../../ThesisUnrealProject/Content/GoodSky/Source/Materials/Material_Function/MF_GoodSky_SkyDomeAlpha.uasset" 904
"../../../../../../ThesisUnrealProject/Content/GoodSky/Source/Materials/Material_Function/MF_GoodSky_Global_Setting.uasset" 905
"../../../../../../ThesisUnrealProject/Content/GoodSky/Source/Materials/Material_Function/MF_GoodSky_Clouds_Setting.uasset" 906
"../../../../../../ThesisUnrealProject/Content/GoodSky/Source/Textures/T_GoodSky_Stars.uasset" 907
"../../../../../../ThesisUnrealProject/Content/GoodSky/Source/Textures/T_GoodSky_noise_smooth.uasset" 908
"../../../../../../ThesisUnrealProject/Content/GoodSky/Source/Materials/M_GoodSky_Sun_Stars.uasset" 909
"../../../Engine/Content/BasicShapes/Sphere.uasset" 910
"../../../Engine/Content/BasicShapes/Plane.uasset" 911
"../../../../../../ThesisUnrealProject/Content/GoodSky/Source/Textures/T_GoodSky_clouds_E.uasset" 912
"../../../../../../ThesisUnrealProject/Content/GoodSky/Source/Textures/T_GoodSky_clouds_C.uasset" 913
"../../../../../../ThesisUnrealProject/Content/GoodSky/Source/Materials/M_GoodSky_Base.uasset" 914
"../../../../../../ThesisUnrealProject/Content/GoodSky/Source/Mesh/SM_GoodSky_Sphere.uasset" 915
"../../../../../../ThesisUnrealProject/Content/GoodSky/Source/Mesh/SM_GoodSky_Hemisphere.uasset" 916
"../../../../../../ThesisUnrealProject/Content/GoodSky/Source/Data/Structure/Structure_GoodSky.uasset" 917
"../../../../../../ThesisUnrealProject/Content/GoodSky/Source/Data/Enum/Enum_GoodSky_Style_Clouds.uasset" 918
"../../../../../../ThesisUnrealProject/Content/GoodSky/Source/Data/Enum/Enum_GoodSky_MeshType.uasset" 919
"../../../../../../ThesisUnrealProject/Content/GoodSky/Source/Data/Enum/Enum_GoodSky_Effects.uasset" 920
"../../../../../../ThesisUnrealProject/Content/GoodSky/Source/Data/Enum/Enum_GoodSky_Clouds_Coverage.uasset" 921
"../../../../../../ThesisUnrealProject/Content/GoodSky/Source/ArrowTool/M_GoodSky_Sun_Emissive.uasset" 922
"../../../../../../ThesisUnrealProject/Content/GoodSky/Source/ArrowTool/SM_GoodSky_StarMesh.uasset" 923
"../../../Engine/Content/Functions/Engine_MaterialFunctions01/Texturing/ScaleUVsAroundPoint.uasset" 924
"../../../../../../ThesisUnrealProject/Content/GoodSky/Source/Textures/T_GoodSky_Moon.uasset" 925
"../../../../../../ThesisUnrealProject/Content/GoodSky/Source/Materials/Material_Function/MF_GoodSky_Moon_Setting.uasset" 926
"../../../../../../ThesisUnrealProject/Content/GoodSky/Source/Materials/M_GoodSky_Sun_Stars_Moon.uasset" 927
"../../../Engine/Content/Functions/Engine_MaterialFunctions02/Utility/DebugFloat3Values.uasset" 928
"../../../Engine/Content/Functions/Engine_MaterialFunctions02/Math/RGBtoHSV.uasset" 929
"../../../Engine/Content/Functions/Engine_MaterialFunctions01/ImageAdjustment/DeriveHDRfromLDR.uasset" 930
"../../../../../../ThesisUnrealProject/Content/GoodSky/Source/Textures/T_GoodSky_Lightning.uasset" 931
"../../../../../../ThesisUnrealProject/Content/GoodSky/Source/Materials/Material_Function/MF_GoodSky_LightningFlick.uasset" 932
"../../../../../../ThesisUnrealProject/Content/GoodSky/Source/Materials/M_GoodSky_Storm.uasset" 933
"../../../../../../ThesisUnrealProject/Content/GoodSky/Source/Materials/M_GoodSky_Moon.uasset" 934
"../../../../../../ThesisUnrealProject/Content/GoodSky/Source/ArrowTool/T_GoodSky_SkyRing.uasset" 935
"../../../../../../ThesisUnrealProject/Content/GoodSky/Source/ArrowTool/M_GoodSky_SkyRing_.uasset" 936
"../../../../../../ThesisUnrealProject/Content/GoodSky/Source/Data/DataTable/DataTable_GoodSky.uasset" 937
"../../../../../../ThesisUnrealProject/Content/GoodSky/Source/Data/Curve/Curve_GoodSky_SunDirection_Vector1.uasset" 938
"../../../../../../ThesisUnrealProject/Content/GoodSky/Source/Data/Curve/Curve_GoodSky_SunDirection_Vector.uasset" 939
"../../../../../../ThesisUnrealProject/Content/GoodSky/Source/Data/Curve/Curve_GoodSky_horizon_Color.uasset" 940
"../../../../../../ThesisUnrealProject/Content/GoodSky/Source/Data/Curve/Curve_GoodSky_DomeColor.uasset" 941
"../../../../../../ThesisUnrealProject/Content/GoodSky/Source/Data/Enum/Enum_GoodSky_Preset.uasset" 942
"../../../../../../ThesisUnrealProject/Content/GoodSky/Source/Data/Curve/Curve_GoodSky_BaseCloudColor.uasset" 943
"../../../../../../ThesisUnrealProject/Content/GoodSky/Source/Data/Curve/Curve_GoodSky_AllOverlayColor.uasset" 944
"../../../../../../ThesisUnrealProject/Content/GoodSky/Source/Data/Curve/Curve_GoodSky_SunLight.uasset" 945
"../../../../../../ThesisUnrealProject/Content/GoodSky/Source/Data/Curve/Curve_GoodSky_Stars.uasset" 946
"../../../../../../ThesisUnrealProject/Content/GoodSky/Blueprint/BP_GoodSky.uasset" 947
"../../../../../../ThesisUnrealProject/Content/Level/Tutorial/Day_BuiltData.uasset" 948
"../../../../../../ThesisUnrealProject/Content/Blueprints/BP_Tutorial/BP_CustomGameState.uasset" 949
"../../../../../../ThesisUnrealProject/Content/Blueprints/BP_Dungeon/BP_CustomGameMode.uasset" 950
"../../../../../../ThesisUnrealProject/Content/Level/Tutorial/Day.umap" 951
"../../../../../../ThesisUnrealProject/Content/Images/cooltext396622594046991.uasset" 952
"../../../../../../ThesisUnrealProject/Content/Blueprints/BP_Tutorial/UI/WBD_Explanation.uasset" 953
"../../../../../../ThesisUnrealProject/Content/Blueprints/BP_Tutorial/UI/WBD_Menu.uasset" 954
"../../../../../../ThesisUnrealProject/Content/Blueprints/BP_Tutorial/BP_GameModeMainMenu.uasset" 955
"../../../../../../ThesisUnrealProject/Content/Level/MainMenu.umap" 956
